#
# There is insufficient memory for the Java Runtime Environment to continue.
# Native memory allocation (malloc) failed to allocate 1048576 bytes. Error detail: AllocateHeap
# Possible reasons:
#   The system is out of physical RAM or swap space
#   This process is running with CompressedOops enabled, and the Java Heap may be blocking the growth of the native heap
# Possible solutions:
#   Reduce memory load on the system
#   Increase physical memory or swap space
#   Check if swap backing store is full
#   Decrease Java heap size (-Xmx/-Xms)
#   Decrease number of Java threads
#   Decrease Java thread stack sizes (-Xss)
#   Set larger code cache with -XX:ReservedCodeCacheSize=
#   JVM is running with Unscaled Compressed Oops mode in which the Java heap is
#     placed in the first 4GB address space. The Java Heap base address is the
#     maximum limit for the native heap growth. Please use -XX:HeapBaseMinAddress
#     to set the Java Heap base and to place the Java Heap above 4GB virtual address.
# This output file may be truncated or incomplete.
#
#  Out of Memory Error (allocation.cpp:44), pid=21560, tid=6864
#
# JRE version: OpenJDK Runtime Environment Temurin-21.0.10+7 (21.0.10+7) (build 21.0.10+7-LTS)
# Java VM: OpenJDK 64-Bit Server VM Temurin-21.0.10+7 (21.0.10+7-LTS, mixed mode, sharing, tiered, compressed oops, compressed class ptrs, parallel gc, windows-amd64)
# No core dump will be written. Minidumps are not enabled by default on client versions of Windows
#

---------------  S U M M A R Y ------------

Command Line: --add-modules=ALL-SYSTEM --add-opens=java.base/java.util=ALL-UNNAMED --add-opens=java.base/java.lang=ALL-UNNAMED --add-opens=java.base/sun.nio.fs=ALL-UNNAMED -Declipse.application=org.eclipse.jdt.ls.core.id1 -Dosgi.bundles.defaultStartLevel=4 -Declipse.product=org.eclipse.jdt.ls.core.product -Djava.import.generatesMetadataFilesAtProjectRoot=false -DDetectVMInstallationsJob.disabled=true -Dfile.encoding=utf8 -XX:+UseParallelGC -XX:GCTimeRatio=4 -XX:AdaptiveSizePolicyWeight=90 -Dsun.zip.disableMemoryMapping=true -Xmx2G -Xms100m -Xlog:disable -javaagent:c:\Users\bmanc\.vscode\extensions\redhat.java-1.53.0-win32-x64\lombok\lombok-1.18.39-4050.jar -XX:+HeapDumpOnOutOfMemoryError -XX:HeapDumpPath=c:\Users\bmanc\AppData\Roaming\Code\User\workspaceStorage\df1b5a3dda25a61ad57d8689e993da82\redhat.java -Daether.dependencyCollector.impl=bf c:\Users\bmanc\.vscode\extensions\redhat.java-1.53.0-win32-x64\server\plugins\org.eclipse.equinox.launcher_1.7.100.v20251111-0406.jar -configuration c:\Users\bmanc\AppData\Roaming\Code\User\globalStorage\redhat.java\1.53.0\config_win -data c:\Users\bmanc\AppData\Roaming\Code\User\workspaceStorage\df1b5a3dda25a61ad57d8689e993da82\redhat.java\jdt_ws --pipe=\\.\pipe\lsp-7ea1375a58dd6045c8b732ee7f913619-sock

Host: AMD Ryzen 5 4600H with Radeon Graphics         , 12 cores, 15G,  Windows 11 , 64 bit Build 22621 (10.0.22621.2215)
Time: Sun Mar  8 14:58:05 2026 Central Daylight Time elapsed time: 4447.485250 seconds (0d 1h 14m 7s)

---------------  T H R E A D  ---------------

Current thread (0x000001fac5003700):  JavaThread "Attach Listener" daemon [_thread_in_vm, id=6864, stack(0x0000002391000000,0x0000002391100000) (1024K)]

Stack: [0x0000002391000000,0x0000002391100000]
Native frames: (J=compiled Java code, j=interpreted, Vv=VM code, C=native code)
V  [jvm.dll+0x6d7a39]
V  [jvm.dll+0x8b4b26]
V  [jvm.dll+0x8b70de]
V  [jvm.dll+0x8b77c3]
V  [jvm.dll+0x284346]
V  [jvm.dll+0xc1277]
V  [jvm.dll+0x6d82e9]
V  [jvm.dll+0x1334a6]
V  [jvm.dll+0x3f857e]
V  [jvm.dll+0x85f59d]
V  [jvm.dll+0x6d626d]
C  [ucrtbase.dll+0x29363]
C  [KERNEL32.DLL+0x1257d]
C  [ntdll.dll+0x5aa68]


---------------  P R O C E S S  ---------------

Threads class SMR info:
_java_thread_list=0x000001fac8b7a3f0, length=38, elements={
0x000001fae763bdf0, 0x000001fae75ebbd0, 0x000001fae75ed9f0, 0x000001fac5001090,
0x000001fac5003700, 0x000001fac5005370, 0x000001fac50089a0, 0x000001fac500f980,
0x000001fac5010220, 0x000001fac527b890, 0x000001fac5390660, 0x000001fac5bc14f0,
0x000001fac5d622a0, 0x000001fac5bad400, 0x000001fac5bade40, 0x000001fac629eec0,
0x000001fac647b6e0, 0x000001fac60f2510, 0x000001fac5e68970, 0x000001fac5e67c50,
0x000001fac5fc4e10, 0x000001fac5fc2d40, 0x000001fac5fc54a0, 0x000001fac5fc33d0,
0x000001fac5fc3a60, 0x000001fac5fc2020, 0x000001fac5fc26b0, 0x000001fac5fc40f0,
0x000001fac71d94e0, 0x000001fac71dbc40, 0x000001fac71d87c0, 0x000001fac71dc960,
0x000001fac71d8e50, 0x000001fac71d6060, 0x000001fac71dcff0, 0x000001fac71d9b70,
0x000001fac71d8130, 0x000001fac71da200
}

Java Threads: ( => current thread )
  0x000001fae763bdf0 JavaThread "main"                              [_thread_blocked, id=20804, stack(0x0000002390900000,0x0000002390a00000) (1024K)]
  0x000001fae75ebbd0 JavaThread "Reference Handler"          daemon [_thread_blocked, id=10496, stack(0x0000002390d00000,0x0000002390e00000) (1024K)]
  0x000001fae75ed9f0 JavaThread "Finalizer"                  daemon [_thread_blocked, id=20672, stack(0x0000002390e00000,0x0000002390f00000) (1024K)]
  0x000001fac5001090 JavaThread "Signal Dispatcher"          daemon [_thread_blocked, id=22436, stack(0x0000002390f00000,0x0000002391000000) (1024K)]
=>0x000001fac5003700 JavaThread "Attach Listener"            daemon [_thread_in_vm, id=6864, stack(0x0000002391000000,0x0000002391100000) (1024K)]
  0x000001fac5005370 JavaThread "Service Thread"             daemon [_thread_blocked, id=11972, stack(0x0000002391100000,0x0000002391200000) (1024K)]
  0x000001fac50089a0 JavaThread "Monitor Deflation Thread"   daemon [_thread_blocked, id=17728, stack(0x0000002391200000,0x0000002391300000) (1024K)]
  0x000001fac500f980 JavaThread "C2 CompilerThread0"         daemon [_thread_blocked, id=12876, stack(0x0000002391300000,0x0000002391400000) (1024K)]
  0x000001fac5010220 JavaThread "C1 CompilerThread0"         daemon [_thread_blocked, id=11508, stack(0x0000002391400000,0x0000002391500000) (1024K)]
  0x000001fac527b890 JavaThread "Common-Cleaner"             daemon [_thread_blocked, id=11428, stack(0x0000002391600000,0x0000002391700000) (1024K)]
  0x000001fac5390660 JavaThread "Notification Thread"        daemon [_thread_blocked, id=19448, stack(0x0000002391700000,0x0000002391800000) (1024K)]
  0x000001fac5bc14f0 JavaThread "Active Thread: Equinox Container: ea8b4704-fa8a-4a39-9c2d-2afd856b3bb6"        [_thread_blocked, id=10224, stack(0x0000002391f00000,0x0000002392000000) (1024K)]
  0x000001fac5d622a0 JavaThread "Refresh Thread: Equinox Container: ea8b4704-fa8a-4a39-9c2d-2afd856b3bb6" daemon [_thread_blocked, id=16164, stack(0x0000002392100000,0x0000002392200000) (1024K)]
  0x000001fac5bad400 JavaThread "Framework Event Dispatcher: Equinox Container: ea8b4704-fa8a-4a39-9c2d-2afd856b3bb6" daemon [_thread_blocked, id=12240, stack(0x0000002392200000,0x0000002392300000) (1024K)]
  0x000001fac5bade40 JavaThread "Start Level: Equinox Container: ea8b4704-fa8a-4a39-9c2d-2afd856b3bb6" daemon [_thread_blocked, id=1256, stack(0x0000002392300000,0x0000002392400000) (1024K)]
  0x000001fac629eec0 JavaThread "Bundle File Closer"         daemon [_thread_blocked, id=14720, stack(0x0000002392600000,0x0000002392700000) (1024K)]
  0x000001fac647b6e0 JavaThread "SCR Component Actor"        daemon [_thread_blocked, id=13152, stack(0x0000002391500000,0x0000002391600000) (1024K)]
  0x000001fac60f2510 JavaThread "Worker-JM"                         [_thread_blocked, id=14620, stack(0x0000002392800000,0x0000002392900000) (1024K)]
  0x000001fac5e68970 JavaThread "JNA Cleaner"                daemon [_thread_blocked, id=6672, stack(0x0000002392900000,0x0000002392a00000) (1024K)]
  0x000001fac5e67c50 JavaThread "Worker-1"                          [_thread_blocked, id=21408, stack(0x0000002392700000,0x0000002392800000) (1024K)]
  0x000001fac5fc4e10 JavaThread "Java indexing"              daemon [_thread_blocked, id=19784, stack(0x0000002392c00000,0x0000002392d00000) (1024K)]
  0x000001fac5fc2d40 JavaThread "Worker-3"                          [_thread_blocked, id=2284, stack(0x0000002392e00000,0x0000002392f00000) (1024K)]
  0x000001fac5fc54a0 JavaThread "Thread-1"                   daemon [_thread_in_native, id=6432, stack(0x0000002392f00000,0x0000002393000000) (1024K)]
  0x000001fac5fc33d0 JavaThread "Thread-2"                   daemon [_thread_in_native, id=20188, stack(0x0000002393000000,0x0000002393100000) (1024K)]
  0x000001fac5fc3a60 JavaThread "Thread-3"                   daemon [_thread_in_native, id=10912, stack(0x0000002393100000,0x0000002393200000) (1024K)]
  0x000001fac5fc2020 JavaThread "Thread-4"                   daemon [_thread_in_native, id=7724, stack(0x0000002393200000,0x0000002393300000) (1024K)]
  0x000001fac5fc26b0 JavaThread "Thread-5"                   daemon [_thread_in_native, id=1188, stack(0x0000002393300000,0x0000002393400000) (1024K)]
  0x000001fac5fc40f0 JavaThread "Thread-6"                   daemon [_thread_in_native, id=19148, stack(0x0000002393400000,0x0000002393500000) (1024K)]
  0x000001fac71d94e0 JavaThread "Thread-7"                   daemon [_thread_in_native, id=8820, stack(0x0000002393500000,0x0000002393600000) (1024K)]
  0x000001fac71dbc40 JavaThread "Thread-8"                   daemon [_thread_in_native, id=21924, stack(0x0000002393600000,0x0000002393700000) (1024K)]
  0x000001fac71d87c0 JavaThread "Thread-9"                   daemon [_thread_in_native, id=8740, stack(0x0000002393700000,0x0000002393800000) (1024K)]
  0x000001fac71dc960 JavaThread "Thread-10"                  daemon [_thread_in_native, id=9732, stack(0x0000002393800000,0x0000002393900000) (1024K)]
  0x000001fac71d8e50 JavaThread "Thread-11"                  daemon [_thread_in_native, id=2260, stack(0x0000002393900000,0x0000002393a00000) (1024K)]
  0x000001fac71d6060 JavaThread "Thread-12"                  daemon [_thread_in_native, id=10272, stack(0x0000002393a00000,0x0000002393b00000) (1024K)]
  0x000001fac71dcff0 JavaThread "Thread-13"                  daemon [_thread_in_native, id=9728, stack(0x0000002393b00000,0x0000002393c00000) (1024K)]
  0x000001fac71d9b70 JavaThread "pool-2-thread-1"                   [_thread_blocked, id=15228, stack(0x0000002393c00000,0x0000002393d00000) (1024K)]
  0x000001fac71d8130 JavaThread "WorkspaceEventsHandler"            [_thread_blocked, id=3080, stack(0x0000002393d00000,0x0000002393e00000) (1024K)]
  0x000001fac71da200 JavaThread "pool-1-thread-1"                   [_thread_blocked, id=14636, stack(0x0000002393e00000,0x0000002393f00000) (1024K)]
Total: 38

Other Threads:
  0x000001fae75d4480 VMThread "VM Thread"                           [id=13728, stack(0x0000002390c00000,0x0000002390d00000) (1024K)]
  0x000001fae74cca00 WatcherThread "VM Periodic Task Thread"        [id=8608, stack(0x0000002390b00000,0x0000002390c00000) (1024K)]
  0x000001fae7659f00 WorkerThread "GC Thread#0"                     [id=19872, stack(0x0000002390a00000,0x0000002390b00000) (1024K)]
  0x000001fac58a3620 WorkerThread "GC Thread#1"                     [id=17968, stack(0x0000002391900000,0x0000002391a00000) (1024K)]
  0x000001fac5c180c0 WorkerThread "GC Thread#2"                     [id=5408, stack(0x0000002391a00000,0x0000002391b00000) (1024K)]
  0x000001fac5c18470 WorkerThread "GC Thread#3"                     [id=12008, stack(0x0000002391b00000,0x0000002391c00000) (1024K)]
  0x000001fac5c18820 WorkerThread "GC Thread#4"                     [id=2316, stack(0x0000002391c00000,0x0000002391d00000) (1024K)]
  0x000001fac581cad0 WorkerThread "GC Thread#5"                     [id=21952, stack(0x0000002391d00000,0x0000002391e00000) (1024K)]
  0x000001fac581ce80 WorkerThread "GC Thread#6"                     [id=10852, stack(0x0000002391e00000,0x0000002391f00000) (1024K)]
  0x000001fac5d619a0 WorkerThread "GC Thread#7"                     [id=13004, stack(0x0000002392000000,0x0000002392100000) (1024K)]
  0x000001fac62ed5c0 WorkerThread "GC Thread#8"                     [id=2900, stack(0x0000002392400000,0x0000002392500000) (1024K)]
  0x000001fac62cc780 WorkerThread "GC Thread#9"                     [id=15048, stack(0x0000002392500000,0x0000002392600000) (1024K)]
Total: 12

Threads with active compile tasks:
Total: 0

VM state: not at safepoint (normal execution)

VM Mutex/Monitor currently owned by a thread: None

Heap address: 0x0000000080000000, size: 2048 MB, Compressed Oops mode: 32-bit

CDS archive(s) mapped at: [0x000001fa80000000-0x000001fa80ba0000-0x000001fa80ba0000), size 12189696, SharedBaseAddress: 0x000001fa80000000, ArchiveRelocationMode: 1.
Compressed class space mapped at: 0x000001fa81000000-0x000001fac1000000, reserved size: 1073741824
Narrow klass base: 0x000001fa80000000, Narrow klass shift: 0, Narrow klass range: 0x100000000

GC Precious Log:
 CardTable entry size: 512
 CPUs: 12 total, 12 available
 Memory: 15741M
 Large Page Support: Disabled
 NUMA Support: Disabled
 Compressed Oops: Enabled (32-bit)
 Alignments: Space 512K, Generation 512K, Heap 2M
 Heap Min Capacity: 100M
 Heap Initial Capacity: 100M
 Heap Max Capacity: 2G
 Pre-touch: Disabled
 Parallel Workers: 10

Heap:
 PSYoungGen      total 6144K, used 525K [0x00000000d5580000, 0x00000000d6080000, 0x0000000100000000)
  eden space 5120K, 4% used [0x00000000d5580000,0x00000000d55bb7c0,0x00000000d5a80000)
  from space 1024K, 28% used [0x00000000d5e80000,0x00000000d5ec8000,0x00000000d5f80000)
  to   space 512K, 0% used [0x00000000d6000000,0x00000000d6000000,0x00000000d6080000)
 ParOldGen       total 83456K, used 68928K [0x0000000080000000, 0x0000000085180000, 0x00000000d5580000)
  object space 83456K, 82% used [0x0000000080000000,0x0000000084350200,0x0000000085180000)
 Metaspace       used 58947K, committed 60416K, reserved 1114112K
  class space    used 6343K, committed 6912K, reserved 1048576K

Card table byte_map: [0x000001fae6fe0000,0x000001fae73f0000] _byte_map_base: 0x000001fae6be0000

Marking Bits: (ParMarkBitMap*) 0x00007ffc29363450
 Begin Bits: [0x000001faf9af0000, 0x000001fafbaf0000)
 End Bits:   [0x000001fafbaf0000, 0x000001fafdaf0000)

Polling page: 0x000001fae54d0000

Metaspace:

Usage:
  Non-class:     51.37 MB used.
      Class:      6.19 MB used.
       Both:     57.57 MB used.

Virtual space:
  Non-class space:       64.00 MB reserved,      52.25 MB ( 82%) committed,  1 nodes.
      Class space:        1.00 GB reserved,       6.75 MB ( <1%) committed,  1 nodes.
             Both:        1.06 GB reserved,      59.00 MB (  5%) committed. 

Chunk freelists:
   Non-Class:  11.48 MB
       Class:  9.07 MB
        Both:  20.55 MB

MaxMetaspaceSize: unlimited
CompressedClassSpaceSize: 1.00 GB
Initial GC threshold: 21.00 MB
Current GC threshold: 97.31 MB
CDS: on
 - commit_granule_bytes: 65536.
 - commit_granule_words: 8192.
 - virtual_space_node_default_size: 8388608.
 - enlarge_chunks_in_place: 1.
 - use_allocation_guard: 0.


Internal statistics:

num_allocs_failed_limit: 11.
num_arena_births: 1192.
num_arena_deaths: 22.
num_vsnodes_births: 2.
num_vsnodes_deaths: 0.
num_space_committed: 944.
num_space_uncommitted: 0.
num_chunks_returned_to_freelist: 37.
num_chunks_taken_from_freelist: 3918.
num_chunk_merges: 21.
num_chunk_splits: 2427.
num_chunks_enlarged: 1393.
num_inconsistent_stats: 0.

CodeHeap 'non-profiled nmethods': size=120000Kb used=6258Kb max_used=6258Kb free=113741Kb
 bounds [0x000001faf2310000, 0x000001faf2930000, 0x000001faf9840000]
CodeHeap 'profiled nmethods': size=120000Kb used=20799Kb max_used=20799Kb free=99200Kb
 bounds [0x000001faea840000, 0x000001faebca0000, 0x000001faf1d70000]
CodeHeap 'non-nmethods': size=5760Kb used=1412Kb max_used=1463Kb free=4347Kb
 bounds [0x000001faf1d70000, 0x000001faf1fe0000, 0x000001faf2310000]
CodeCache: size=245760Kb, used=28469Kb, max_used=28520Kb, free=217288Kb
 total_blobs=10489, nmethods=9764, adapters=631, full_count=0
Compilation: enabled, stopped_count=0, restarted_count=0

Compilation events (20 events):
Event: 3003.669 Thread 0x000001fac5010220 10525       1       org.eclipse.core.internal.jobs.InternalJob::setNext (6 bytes)
Event: 3003.669 Thread 0x000001fac5010220 nmethod 10525 0x000001faf292bc10 code [0x000001faf292bda0, 0x000001faf292be80]
Event: 3276.079 Thread 0x000001fac500f980 10526       4       jdk.internal.misc.Unsafe::putIntOpaque (9 bytes)
Event: 3276.080 Thread 0x000001fac500f980 nmethod 10526 0x000001faf292bf10 code [0x000001faf292c0a0, 0x000001faf292c138]
Event: 3512.302 Thread 0x000001fac5010220 10527       1       org.eclipse.osgi.internal.location.BasicLocation::isReadOnly (5 bytes)
Event: 3512.303 Thread 0x000001fac5010220 nmethod 10527 0x000001faf292c210 code [0x000001faf292c3a0, 0x000001faf292c470]
Event: 3808.140 Thread 0x000001fac5010220 10528       3       java.lang.ProcessHandleImpl::<init> (15 bytes)
Event: 3808.140 Thread 0x000001fac5010220 nmethod 10528 0x000001faebc8e610 code [0x000001faebc8e7c0, 0x000001faebc8e930]
Event: 3846.190 Thread 0x000001fac5010220 10529       1       com.sun.jna.internal.Cleaner::access$200 (5 bytes)
Event: 3846.190 Thread 0x000001fac5010220 nmethod 10529 0x000001faf292c510 code [0x000001faf292c6a0, 0x000001faf292c750]
Event: 3848.175 Thread 0x000001fac5010220 10530       3       java.lang.ProcessHandleImpl::get (51 bytes)
Event: 3848.177 Thread 0x000001fac5010220 nmethod 10530 0x000001faebc8ea10 code [0x000001faebc8ec20, 0x000001faebc8f228]
Event: 3848.177 Thread 0x000001fac5010220 10531       3       java.lang.ProcessHandleImpl::isAlive (44 bytes)
Event: 3848.177 Thread 0x000001fac5010220 nmethod 10531 0x000001faebc8f490 code [0x000001faebc8f640, 0x000001faebc8f8a0]
Event: 3903.710 Thread 0x000001fac5010220 10532       1       org.eclipse.core.internal.jobs.InternalJob::setPrevious (6 bytes)
Event: 3903.710 Thread 0x000001fac5010220 nmethod 10532 0x000001faf292c810 code [0x000001faf292c9a0, 0x000001faf292ca80]
Event: 3903.711 Thread 0x000001fac5010220 10533       3       org.eclipse.core.internal.utils.StringPool::add (50 bytes)
Event: 3903.712 Thread 0x000001fac5010220 nmethod 10533 0x000001faebc8f990 code [0x000001faebc8fb80, 0x000001faebc90050]
Event: 3903.712 Thread 0x000001fac5010220 10534       3       org.eclipse.core.internal.resources.ResourceInfo::shareStrings (43 bytes)
Event: 3903.714 Thread 0x000001fac5010220 nmethod 10534 0x000001faebc90210 code [0x000001faebc903e0, 0x000001faebc90638]

GC Heap History (20 events):
Event: 12.828 GC heap before
{Heap before GC invocations=77 (full 2):
 PSYoungGen      total 12800K, used 12592K [0x00000000d5580000, 0x00000000d6380000, 0x0000000100000000)
  eden space 12288K, 99% used [0x00000000d5580000,0x00000000d617c0d8,0x00000000d6180000)
  from space 512K, 62% used [0x00000000d6300000,0x00000000d6350000,0x00000000d6380000)
  to   space 512K, 0% used [0x00000000d6280000,0x00000000d6280000,0x00000000d6300000)
 ParOldGen       total 80896K, used 80576K [0x0000000080000000, 0x0000000084f00000, 0x00000000d5580000)
  object space 80896K, 99% used [0x0000000080000000,0x0000000084eb0200,0x0000000084f00000)
 Metaspace       used 55768K, committed 57216K, reserved 1114112K
  class space    used 6042K, committed 6656K, reserved 1048576K
}
Event: 12.829 GC heap after
{Heap after GC invocations=77 (full 2):
 PSYoungGen      total 12800K, used 502K [0x00000000d5580000, 0x00000000d6380000, 0x0000000100000000)
  eden space 12288K, 0% used [0x00000000d5580000,0x00000000d5580000,0x00000000d6180000)
  from space 512K, 98% used [0x00000000d6280000,0x00000000d62fda10,0x00000000d6300000)
  to   space 512K, 0% used [0x00000000d6300000,0x00000000d6300000,0x00000000d6380000)
 ParOldGen       total 80896K, used 80876K [0x0000000080000000, 0x0000000084f00000, 0x00000000d5580000)
  object space 80896K, 99% used [0x0000000080000000,0x0000000084efb300,0x0000000084f00000)
 Metaspace       used 55768K, committed 57216K, reserved 1114112K
  class space    used 6042K, committed 6656K, reserved 1048576K
}
Event: 12.936 GC heap before
{Heap before GC invocations=78 (full 2):
 PSYoungGen      total 12800K, used 12790K [0x00000000d5580000, 0x00000000d6380000, 0x0000000100000000)
  eden space 12288K, 100% used [0x00000000d5580000,0x00000000d6180000,0x00000000d6180000)
  from space 512K, 98% used [0x00000000d6280000,0x00000000d62fda10,0x00000000d6300000)
  to   space 512K, 0% used [0x00000000d6300000,0x00000000d6300000,0x00000000d6380000)
 ParOldGen       total 80896K, used 80876K [0x0000000080000000, 0x0000000084f00000, 0x00000000d5580000)
  object space 80896K, 99% used [0x0000000080000000,0x0000000084efb300,0x0000000084f00000)
 Metaspace       used 56182K, committed 57600K, reserved 1114112K
  class space    used 6090K, committed 6720K, reserved 1048576K
}
Event: 12.937 GC heap after
{Heap after GC invocations=78 (full 2):
 PSYoungGen      total 12800K, used 320K [0x00000000d5580000, 0x00000000d6380000, 0x0000000100000000)
  eden space 12288K, 0% used [0x00000000d5580000,0x00000000d5580000,0x00000000d6180000)
  from space 512K, 62% used [0x00000000d6300000,0x00000000d6350000,0x00000000d6380000)
  to   space 512K, 0% used [0x00000000d6280000,0x00000000d6280000,0x00000000d6300000)
 ParOldGen       total 81408K, used 81308K [0x0000000080000000, 0x0000000084f80000, 0x00000000d5580000)
  object space 81408K, 99% used [0x0000000080000000,0x0000000084f67320,0x0000000084f80000)
 Metaspace       used 56182K, committed 57600K, reserved 1114112K
  class space    used 6090K, committed 6720K, reserved 1048576K
}
Event: 13.110 GC heap before
{Heap before GC invocations=79 (full 2):
 PSYoungGen      total 12800K, used 12608K [0x00000000d5580000, 0x00000000d6380000, 0x0000000100000000)
  eden space 12288K, 100% used [0x00000000d5580000,0x00000000d6180000,0x00000000d6180000)
  from space 512K, 62% used [0x00000000d6300000,0x00000000d6350000,0x00000000d6380000)
  to   space 512K, 0% used [0x00000000d6280000,0x00000000d6280000,0x00000000d6300000)
 ParOldGen       total 81408K, used 81308K [0x0000000080000000, 0x0000000084f80000, 0x00000000d5580000)
  object space 81408K, 99% used [0x0000000080000000,0x0000000084f67320,0x0000000084f80000)
 Metaspace       used 57169K, committed 58624K, reserved 1114112K
  class space    used 6180K, committed 6784K, reserved 1048576K
}
Event: 13.111 GC heap after
{Heap after GC invocations=79 (full 2):
 PSYoungGen      total 12800K, used 512K [0x00000000d5580000, 0x00000000d6380000, 0x0000000100000000)
  eden space 12288K, 0% used [0x00000000d5580000,0x00000000d5580000,0x00000000d6180000)
  from space 512K, 100% used [0x00000000d6280000,0x00000000d6300000,0x00000000d6300000)
  to   space 512K, 0% used [0x00000000d6300000,0x00000000d6300000,0x00000000d6380000)
 ParOldGen       total 81920K, used 81436K [0x0000000080000000, 0x0000000085000000, 0x00000000d5580000)
  object space 81920K, 99% used [0x0000000080000000,0x0000000084f87320,0x0000000085000000)
 Metaspace       used 57169K, committed 58624K, reserved 1114112K
  class space    used 6180K, committed 6784K, reserved 1048576K
}
Event: 13.276 GC heap before
{Heap before GC invocations=80 (full 2):
 PSYoungGen      total 12800K, used 12800K [0x00000000d5580000, 0x00000000d6380000, 0x0000000100000000)
  eden space 12288K, 100% used [0x00000000d5580000,0x00000000d6180000,0x00000000d6180000)
  from space 512K, 100% used [0x00000000d6280000,0x00000000d6300000,0x00000000d6300000)
  to   space 512K, 0% used [0x00000000d6300000,0x00000000d6300000,0x00000000d6380000)
 ParOldGen       total 81920K, used 81436K [0x0000000080000000, 0x0000000085000000, 0x00000000d5580000)
  object space 81920K, 99% used [0x0000000080000000,0x0000000084f87320,0x0000000085000000)
 Metaspace       used 58041K, committed 59456K, reserved 1114112K
  class space    used 6264K, committed 6848K, reserved 1048576K
}
Event: 13.278 GC heap after
{Heap after GC invocations=80 (full 2):
 PSYoungGen      total 12288K, used 487K [0x00000000d5580000, 0x00000000d6580000, 0x0000000100000000)
  eden space 11776K, 0% used [0x00000000d5580000,0x00000000d5580000,0x00000000d6100000)
  from space 512K, 95% used [0x00000000d6300000,0x00000000d6379c98,0x00000000d6380000)
  to   space 2048K, 0% used [0x00000000d6100000,0x00000000d6100000,0x00000000d6300000)
 ParOldGen       total 82944K, used 82586K [0x0000000080000000, 0x0000000085100000, 0x00000000d5580000)
  object space 82944K, 99% used [0x0000000080000000,0x00000000850a6a98,0x0000000085100000)
 Metaspace       used 58041K, committed 59456K, reserved 1114112K
  class space    used 6264K, committed 6848K, reserved 1048576K
}
Event: 13.319 GC heap before
{Heap before GC invocations=81 (full 2):
 PSYoungGen      total 12288K, used 4112K [0x00000000d5580000, 0x00000000d6580000, 0x0000000100000000)
  eden space 11776K, 30% used [0x00000000d5580000,0x00000000d590a3f8,0x00000000d6100000)
  from space 512K, 95% used [0x00000000d6300000,0x00000000d6379c98,0x00000000d6380000)
  to   space 2048K, 0% used [0x00000000d6100000,0x00000000d6100000,0x00000000d6300000)
 ParOldGen       total 82944K, used 82586K [0x0000000080000000, 0x0000000085100000, 0x00000000d5580000)
  object space 82944K, 99% used [0x0000000080000000,0x00000000850a6a98,0x0000000085100000)
 Metaspace       used 58358K, committed 59776K, reserved 1114112K
  class space    used 6328K, committed 6912K, reserved 1048576K
}
Event: 13.320 GC heap after
{Heap after GC invocations=81 (full 2):
 PSYoungGen      total 12288K, used 362K [0x00000000d5580000, 0x00000000d6380000, 0x0000000100000000)
  eden space 11776K, 0% used [0x00000000d5580000,0x00000000d5580000,0x00000000d6100000)
  from space 512K, 70% used [0x00000000d6100000,0x00000000d615aad8,0x00000000d6180000)
  to   space 1024K, 0% used [0x00000000d6280000,0x00000000d6280000,0x00000000d6380000)
 ParOldGen       total 83456K, used 82999K [0x0000000080000000, 0x0000000085180000, 0x00000000d5580000)
  object space 83456K, 99% used [0x0000000080000000,0x000000008510de70,0x0000000085180000)
 Metaspace       used 58358K, committed 59776K, reserved 1114112K
  class space    used 6328K, committed 6912K, reserved 1048576K
}
Event: 13.320 GC heap before
{Heap before GC invocations=82 (full 3):
 PSYoungGen      total 12288K, used 362K [0x00000000d5580000, 0x00000000d6380000, 0x0000000100000000)
  eden space 11776K, 0% used [0x00000000d5580000,0x00000000d5580000,0x00000000d6100000)
  from space 512K, 70% used [0x00000000d6100000,0x00000000d615aad8,0x00000000d6180000)
  to   space 1024K, 0% used [0x00000000d6280000,0x00000000d6280000,0x00000000d6380000)
 ParOldGen       total 83456K, used 82999K [0x0000000080000000, 0x0000000085180000, 0x00000000d5580000)
  object space 83456K, 99% used [0x0000000080000000,0x000000008510de70,0x0000000085180000)
 Metaspace       used 58358K, committed 59776K, reserved 1114112K
  class space    used 6328K, committed 6912K, reserved 1048576K
}
Event: 13.408 GC heap after
{Heap after GC invocations=82 (full 3):
 PSYoungGen      total 12288K, used 0K [0x00000000d5580000, 0x00000000d6380000, 0x0000000100000000)
  eden space 11776K, 0% used [0x00000000d5580000,0x00000000d5580000,0x00000000d6100000)
  from space 512K, 0% used [0x00000000d6100000,0x00000000d6100000,0x00000000d6180000)
  to   space 1024K, 0% used [0x00000000d6280000,0x00000000d6280000,0x00000000d6380000)
 ParOldGen       total 83456K, used 62514K [0x0000000080000000, 0x0000000085180000, 0x00000000d5580000)
  object space 83456K, 74% used [0x0000000080000000,0x0000000083d0c8d8,0x0000000085180000)
 Metaspace       used 58352K, committed 59776K, reserved 1114112K
  class space    used 6326K, committed 6912K, reserved 1048576K
}
Event: 22.598 GC heap before
{Heap before GC invocations=83 (full 3):
 PSYoungGen      total 12288K, used 11776K [0x00000000d5580000, 0x00000000d6380000, 0x0000000100000000)
  eden space 11776K, 100% used [0x00000000d5580000,0x00000000d6100000,0x00000000d6100000)
  from space 512K, 0% used [0x00000000d6100000,0x00000000d6100000,0x00000000d6180000)
  to   space 1024K, 0% used [0x00000000d6280000,0x00000000d6280000,0x00000000d6380000)
 ParOldGen       total 83456K, used 62514K [0x0000000080000000, 0x0000000085180000, 0x00000000d5580000)
  object space 83456K, 74% used [0x0000000080000000,0x0000000083d0c8d8,0x0000000085180000)
 Metaspace       used 58660K, committed 60096K, reserved 1114112K
  class space    used 6331K, committed 6912K, reserved 1048576K
}
Event: 22.600 GC heap after
{Heap after GC invocations=83 (full 3):
 PSYoungGen      total 6144K, used 1012K [0x00000000d5580000, 0x00000000d7100000, 0x0000000100000000)
  eden space 5120K, 0% used [0x00000000d5580000,0x00000000d5580000,0x00000000d5a80000)
  from space 1024K, 98% used [0x00000000d6280000,0x00000000d637d178,0x00000000d6380000)
  to   space 8192K, 0% used [0x00000000d5a80000,0x00000000d5a80000,0x00000000d6280000)
 ParOldGen       total 83456K, used 68368K [0x0000000080000000, 0x0000000085180000, 0x00000000d5580000)
  object space 83456K, 81% used [0x0000000080000000,0x00000000842c4200,0x0000000085180000)
 Metaspace       used 58660K, committed 60096K, reserved 1114112K
  class space    used 6331K, committed 6912K, reserved 1048576K
}
Event: 109.910 GC heap before
{Heap before GC invocations=84 (full 3):
 PSYoungGen      total 6144K, used 6132K [0x00000000d5580000, 0x00000000d7100000, 0x0000000100000000)
  eden space 5120K, 99% used [0x00000000d5580000,0x00000000d5a7fff0,0x00000000d5a80000)
  from space 1024K, 98% used [0x00000000d6280000,0x00000000d637d178,0x00000000d6380000)
  to   space 8192K, 0% used [0x00000000d5a80000,0x00000000d5a80000,0x00000000d6280000)
 ParOldGen       total 83456K, used 68368K [0x0000000080000000, 0x0000000085180000, 0x00000000d5580000)
  object space 83456K, 81% used [0x0000000080000000,0x00000000842c4200,0x0000000085180000)
 Metaspace       used 58766K, committed 60160K, reserved 1114112K
  class space    used 6339K, committed 6912K, reserved 1048576K
}
Event: 109.911 GC heap after
{Heap after GC invocations=84 (full 3):
 PSYoungGen      total 5632K, used 448K [0x00000000d5580000, 0x00000000d6300000, 0x0000000100000000)
  eden space 5120K, 0% used [0x00000000d5580000,0x00000000d5580000,0x00000000d5a80000)
  from space 512K, 87% used [0x00000000d5a80000,0x00000000d5af0000,0x00000000d5b00000)
  to   space 3072K, 0% used [0x00000000d6000000,0x00000000d6000000,0x00000000d6300000)
 ParOldGen       total 83456K, used 68504K [0x0000000080000000, 0x0000000085180000, 0x00000000d5580000)
  object space 83456K, 82% used [0x0000000080000000,0x00000000842e6200,0x0000000085180000)
 Metaspace       used 58766K, committed 60160K, reserved 1114112K
  class space    used 6339K, committed 6912K, reserved 1048576K
}
Event: 1213.259 GC heap before
{Heap before GC invocations=85 (full 3):
 PSYoungGen      total 5632K, used 5568K [0x00000000d5580000, 0x00000000d6300000, 0x0000000100000000)
  eden space 5120K, 100% used [0x00000000d5580000,0x00000000d5a80000,0x00000000d5a80000)
  from space 512K, 87% used [0x00000000d5a80000,0x00000000d5af0000,0x00000000d5b00000)
  to   space 3072K, 0% used [0x00000000d6000000,0x00000000d6000000,0x00000000d6300000)
 ParOldGen       total 83456K, used 68504K [0x0000000080000000, 0x0000000085180000, 0x00000000d5580000)
  object space 83456K, 82% used [0x0000000080000000,0x00000000842e6200,0x0000000085180000)
 Metaspace       used 58888K, committed 60288K, reserved 1114112K
  class space    used 6343K, committed 6912K, reserved 1048576K
}
Event: 1213.260 GC heap after
{Heap after GC invocations=85 (full 3):
 PSYoungGen      total 5632K, used 288K [0x00000000d5580000, 0x00000000d6080000, 0x0000000100000000)
  eden space 5120K, 0% used [0x00000000d5580000,0x00000000d5580000,0x00000000d5a80000)
  from space 512K, 56% used [0x00000000d6000000,0x00000000d6048000,0x00000000d6080000)
  to   space 1024K, 0% used [0x00000000d5e80000,0x00000000d5e80000,0x00000000d5f80000)
 ParOldGen       total 83456K, used 68864K [0x0000000080000000, 0x0000000085180000, 0x00000000d5580000)
  object space 83456K, 82% used [0x0000000080000000,0x0000000084340200,0x0000000085180000)
 Metaspace       used 58888K, committed 60288K, reserved 1114112K
  class space    used 6343K, committed 6912K, reserved 1048576K
}
Event: 2439.634 GC heap before
{Heap before GC invocations=86 (full 3):
 PSYoungGen      total 5632K, used 5408K [0x00000000d5580000, 0x00000000d6080000, 0x0000000100000000)
  eden space 5120K, 100% used [0x00000000d5580000,0x00000000d5a80000,0x00000000d5a80000)
  from space 512K, 56% used [0x00000000d6000000,0x00000000d6048000,0x00000000d6080000)
  to   space 1024K, 0% used [0x00000000d5e80000,0x00000000d5e80000,0x00000000d5f80000)
 ParOldGen       total 83456K, used 68864K [0x0000000080000000, 0x0000000085180000, 0x00000000d5580000)
  object space 83456K, 82% used [0x0000000080000000,0x0000000084340200,0x0000000085180000)
 Metaspace       used 58932K, committed 60288K, reserved 1114112K
  class space    used 6343K, committed 6912K, reserved 1048576K
}
Event: 2439.637 GC heap after
{Heap after GC invocations=86 (full 3):
 PSYoungGen      total 6144K, used 288K [0x00000000d5580000, 0x00000000d6080000, 0x0000000100000000)
  eden space 5120K, 0% used [0x00000000d5580000,0x00000000d5580000,0x00000000d5a80000)
  from space 1024K, 28% used [0x00000000d5e80000,0x00000000d5ec8000,0x00000000d5f80000)
  to   space 512K, 0% used [0x00000000d6000000,0x00000000d6000000,0x00000000d6080000)
 ParOldGen       total 83456K, used 68928K [0x0000000080000000, 0x0000000085180000, 0x00000000d5580000)
  object space 83456K, 82% used [0x0000000080000000,0x0000000084350200,0x0000000085180000)
 Metaspace       used 58932K, committed 60288K, reserved 1114112K
  class space    used 6343K, committed 6912K, reserved 1048576K
}

Dll operation events (10 events):
Event: 0.016 Loaded shared library c:\Users\bmanc\.vscode\extensions\redhat.java-1.53.0-win32-x64\jre\21.0.10-win32-x86_64\bin\java.dll
Event: 0.109 Loaded shared library c:\Users\bmanc\.vscode\extensions\redhat.java-1.53.0-win32-x64\jre\21.0.10-win32-x86_64\bin\zip.dll
Event: 0.146 Loaded shared library C:\Users\bmanc\.vscode\extensions\redhat.java-1.53.0-win32-x64\jre\21.0.10-win32-x86_64\bin\instrument.dll
Event: 0.154 Loaded shared library C:\Users\bmanc\.vscode\extensions\redhat.java-1.53.0-win32-x64\jre\21.0.10-win32-x86_64\bin\net.dll
Event: 0.157 Loaded shared library C:\Users\bmanc\.vscode\extensions\redhat.java-1.53.0-win32-x64\jre\21.0.10-win32-x86_64\bin\nio.dll
Event: 0.162 Loaded shared library C:\Users\bmanc\.vscode\extensions\redhat.java-1.53.0-win32-x64\jre\21.0.10-win32-x86_64\bin\zip.dll
Event: 0.184 Loaded shared library C:\Users\bmanc\.vscode\extensions\redhat.java-1.53.0-win32-x64\jre\21.0.10-win32-x86_64\bin\jimage.dll
Event: 0.313 Loaded shared library c:\Users\bmanc\.vscode\extensions\redhat.java-1.53.0-win32-x64\jre\21.0.10-win32-x86_64\bin\verify.dll
Event: 1.695 Loaded shared library C:\Users\bmanc\AppData\Roaming\Code\User\globalStorage\redhat.java\1.53.0\config_win\org.eclipse.equinox.launcher\org.eclipse.equinox.launcher.win32.win32.x86_64_1.3.0.v20260203-2149\eclipse_11919.dll
Event: 3.502 Loaded shared library C:\Users\bmanc\AppData\Local\Temp\jna-93849003\jna12431223209208061466.dll

Deoptimization events (20 events):
Event: 31.409 Thread 0x000001fac5bc14f0 Uncommon trap: trap_request=0xffffff45 fr.pc=0x000001faf288df48 relative=0x0000000000000548
Event: 31.409 Thread 0x000001fac5bc14f0 Uncommon trap: reason=unstable_if action=reinterpret pc=0x000001faf288df48 method=java.util.HashMap.removeNode(ILjava/lang/Object;Ljava/lang/Object;ZZ)Ljava/util/HashMap$Node; @ 62 c2
Event: 31.409 Thread 0x000001fac5bc14f0 DEOPT PACKING pc=0x000001faf288df48 sp=0x0000002391ffedc0
Event: 31.409 Thread 0x000001fac5bc14f0 DEOPT UNPACKING pc=0x000001faf1dc3aa2 sp=0x0000002391ffecc0 mode 2
Event: 31.410 Thread 0x000001fac5bc14f0 DEOPT PACKING pc=0x000001faeb1e5fdc sp=0x0000002391ffec80
Event: 31.410 Thread 0x000001fac5bc14f0 DEOPT UNPACKING pc=0x000001faf1dc4242 sp=0x0000002391ffe1d8 mode 0
Event: 31.410 Thread 0x000001fac5bc14f0 DEOPT PACKING pc=0x000001faeb1e5fdc sp=0x0000002391ffec80
Event: 31.410 Thread 0x000001fac5bc14f0 DEOPT UNPACKING pc=0x000001faf1dc4242 sp=0x0000002391ffe1d8 mode 0
Event: 31.410 Thread 0x000001fac5bc14f0 DEOPT PACKING pc=0x000001faeb1e60b0 sp=0x0000002391ffec80
Event: 31.410 Thread 0x000001fac5bc14f0 DEOPT UNPACKING pc=0x000001faf1dc4242 sp=0x0000002391ffe1d8 mode 0
Event: 31.411 Thread 0x000001fac5bc14f0 DEOPT PACKING pc=0x000001faeb1e60b0 sp=0x0000002391ffec80
Event: 31.411 Thread 0x000001fac5bc14f0 DEOPT UNPACKING pc=0x000001faf1dc4242 sp=0x0000002391ffe1d8 mode 0
Event: 31.412 Thread 0x000001fac5bc14f0 DEOPT PACKING pc=0x000001faeb1e5fdc sp=0x0000002391ffec80
Event: 31.412 Thread 0x000001fac5bc14f0 DEOPT UNPACKING pc=0x000001faf1dc4242 sp=0x0000002391ffe1d8 mode 0
Event: 31.412 Thread 0x000001fac5bc14f0 DEOPT PACKING pc=0x000001faeb1e60b0 sp=0x0000002391ffec80
Event: 31.412 Thread 0x000001fac5bc14f0 DEOPT UNPACKING pc=0x000001faf1dc4242 sp=0x0000002391ffe1d8 mode 0
Event: 1061.694 Thread 0x000001fac71d8130 DEOPT PACKING pc=0x000001faebbd5cdb sp=0x0000002393dfe830
Event: 1061.694 Thread 0x000001fac71d8130 DEOPT UNPACKING pc=0x000001faf1dc4242 sp=0x0000002393dfdd50 mode 0
Event: 1624.271 Thread 0x000001fac71d8130 DEOPT PACKING pc=0x000001faebc1cfc1 sp=0x0000002393dfe7a0
Event: 1624.271 Thread 0x000001fac71d8130 DEOPT UNPACKING pc=0x000001faf1dc4242 sp=0x0000002393dfdc80 mode 0

Classes loaded (20 events):
Event: 13.171 Loading class java/util/AbstractList$RandomAccessSubList
Event: 13.171 Loading class java/util/AbstractList$SubList
Event: 13.171 Loading class java/util/AbstractList$SubList done
Event: 13.171 Loading class java/util/AbstractList$RandomAccessSubList done
Event: 13.172 Loading class java/util/AbstractList$SubList$1
Event: 13.172 Loading class java/util/AbstractList$SubList$1 done
Event: 13.317 Loading class java/util/Hashtable$ValueCollection
Event: 13.317 Loading class java/util/Hashtable$ValueCollection done
Event: 13.414 Loading class java/util/stream/DistinctOps
Event: 13.415 Loading class java/util/stream/DistinctOps done
Event: 13.415 Loading class java/util/stream/DistinctOps$1
Event: 13.415 Loading class java/util/stream/DistinctOps$1 done
Event: 13.417 Loading class java/util/stream/DistinctOps$1$2
Event: 13.417 Loading class java/util/stream/DistinctOps$1$2 done
Event: 31.454 Loading class sun/nio/cs/ISO_8859_1$Encoder
Event: 31.454 Loading class sun/nio/cs/ISO_8859_1$Encoder done
Event: 31.454 Loading class sun/nio/cs/Surrogate$Parser
Event: 31.454 Loading class sun/nio/cs/Surrogate$Parser done
Event: 31.454 Loading class sun/nio/cs/Surrogate
Event: 31.454 Loading class sun/nio/cs/Surrogate done

Classes unloaded (11 events):
Event: 4.259 Thread 0x000001fae75d4480 Unloading class 0x000001fa811a8c00 'java/lang/invoke/LambdaForm$MH+0x000001fa811a8c00'
Event: 4.259 Thread 0x000001fae75d4480 Unloading class 0x000001fa811a8800 'java/lang/invoke/LambdaForm$MH+0x000001fa811a8800'
Event: 4.259 Thread 0x000001fae75d4480 Unloading class 0x000001fa811a8400 'java/lang/invoke/LambdaForm$MH+0x000001fa811a8400'
Event: 4.259 Thread 0x000001fae75d4480 Unloading class 0x000001fa811a8000 'java/lang/invoke/LambdaForm$MH+0x000001fa811a8000'
Event: 4.259 Thread 0x000001fae75d4480 Unloading class 0x000001fa811a7c00 'java/lang/invoke/LambdaForm$BMH+0x000001fa811a7c00'
Event: 4.259 Thread 0x000001fae75d4480 Unloading class 0x000001fa811a7800 'java/lang/invoke/LambdaForm$DMH+0x000001fa811a7800'
Event: 4.259 Thread 0x000001fae75d4480 Unloading class 0x000001fa811a6400 'java/lang/invoke/LambdaForm$DMH+0x000001fa811a6400'
Event: 13.334 Thread 0x000001fae75d4480 Unloading class 0x000001fa81641800 'java/lang/invoke/LambdaForm$DMH+0x000001fa81641800'
Event: 13.334 Thread 0x000001fae75d4480 Unloading class 0x000001fa81641400 'java/lang/invoke/LambdaForm$DMH+0x000001fa81641400'
Event: 13.334 Thread 0x000001fae75d4480 Unloading class 0x000001fa81641000 'java/lang/invoke/LambdaForm$DMH+0x000001fa81641000'
Event: 13.334 Thread 0x000001fae75d4480 Unloading class 0x000001fa81640800 'java/lang/invoke/LambdaForm$DMH+0x000001fa81640800'

Classes redefined (0 events):
No events

Internal exceptions (20 events):
Event: 12.031 Thread 0x000001fac5e69000 Exception <a 'java/lang/NoSuchMethodError'{0x00000000d5a86b20}: 'void java.lang.invoke.DirectMethodHandle$Holder.invokeInterface(java.lang.Object, java.lang.Object)'> (0x00000000d5a86b20) 
thrown [s\src\hotspot\share\interpreter\linkResolver.cpp, line 773]
Event: 12.476 Thread 0x000001fac5e69000 Exception <a 'sun/nio/fs/WindowsException'{0x00000000d5c0a9a0}> (0x00000000d5c0a9a0) 
thrown [s\src\hotspot\share\prims\jni.cpp, line 520]
Event: 12.476 Thread 0x000001fac5e69000 Exception <a 'sun/nio/fs/WindowsException'{0x00000000d5c0b280}> (0x00000000d5c0b280) 
thrown [s\src\hotspot\share\prims\jni.cpp, line 520]
Event: 12.513 Thread 0x000001fac7f361a0 Exception <a 'java/lang/NoSuchMethodError'{0x00000000d5fd2ae8}: 'java.lang.Object java.lang.invoke.DirectMethodHandle$Holder.invokeVirtual(java.lang.Object, java.lang.Object, int)'> (0x00000000d5fd2ae8) 
thrown [s\src\hotspot\share\interpreter\linkResolver.cpp, line 773]
Event: 12.804 Thread 0x000001fac71d7410 Exception <a 'sun/nio/fs/WindowsException'{0x00000000d5d5eb10}> (0x00000000d5d5eb10) 
thrown [s\src\hotspot\share\prims\jni.cpp, line 520]
Event: 12.804 Thread 0x000001fac71d7410 Exception <a 'sun/nio/fs/WindowsException'{0x00000000d5d5f410}> (0x00000000d5d5f410) 
thrown [s\src\hotspot\share\prims\jni.cpp, line 520]
Event: 12.804 Thread 0x000001fac71d7410 Exception <a 'sun/nio/fs/WindowsException'{0x00000000d5d60158}> (0x00000000d5d60158) 
thrown [s\src\hotspot\share\prims\jni.cpp, line 520]
Event: 12.804 Thread 0x000001fac71d7410 Exception <a 'sun/nio/fs/WindowsException'{0x00000000d5d9b330}> (0x00000000d5d9b330) 
thrown [s\src\hotspot\share\prims\jni.cpp, line 520]
Event: 12.805 Thread 0x000001fac71d7410 Exception <a 'sun/nio/fs/WindowsException'{0x00000000d5d9cb08}> (0x00000000d5d9cb08) 
thrown [s\src\hotspot\share\prims\jni.cpp, line 520]
Event: 12.805 Thread 0x000001fac71d7410 Exception <a 'sun/nio/fs/WindowsException'{0x00000000d5d9d6b0}> (0x00000000d5d9d6b0) 
thrown [s\src\hotspot\share\prims\jni.cpp, line 520]
Event: 12.809 Thread 0x000001fac71d7410 Exception <a 'sun/nio/fs/WindowsException'{0x00000000d5e04b18}> (0x00000000d5e04b18) 
thrown [s\src\hotspot\share\prims\jni.cpp, line 520]
Event: 12.809 Thread 0x000001fac71d7410 Exception <a 'sun/nio/fs/WindowsException'{0x00000000d5e05660}> (0x00000000d5e05660) 
thrown [s\src\hotspot\share\prims\jni.cpp, line 520]
Event: 12.847 Thread 0x000001fac5e69000 Exception <a 'java/lang/NoSuchMethodError'{0x00000000d5a664a0}: 'java.lang.Object java.lang.invoke.DirectMethodHandle$Holder.invokeSpecial(java.lang.Object, java.lang.Object, int, long)'> (0x00000000d5a664a0) 
thrown [s\src\hotspot\share\interpreter\linkResolver.cpp, line 773]
Event: 13.122 Thread 0x000001fac7f361a0 Exception <a 'java/lang/NoSuchMethodError'{0x00000000d55fbd48}: 'int java.lang.invoke.DirectMethodHandle$Holder.invokeSpecialIFC(java.lang.Object, java.lang.Object, java.lang.Object)'> (0x00000000d55fbd48) 
thrown [s\src\hotspot\share\interpreter\linkResolver.cpp, line 773]
Event: 13.173 Thread 0x000001fac71d6d80 Implicit null exception at 0x000001faf2892e90 to 0x000001faf2893510
Event: 13.260 Thread 0x000001fac7f361a0 Implicit null exception at 0x000001faf289c8e4 to 0x000001faf289dd1c
Event: 14.671 Thread 0x000001fac5fc2d40 Exception <a 'sun/nio/fs/WindowsException'{0x00000000d5603be0}> (0x00000000d5603be0) 
thrown [s\src\hotspot\share\prims\jni.cpp, line 520]
Event: 14.671 Thread 0x000001fac5fc2d40 Exception <a 'sun/nio/fs/WindowsException'{0x00000000d5604478}> (0x00000000d5604478) 
thrown [s\src\hotspot\share\prims\jni.cpp, line 520]
Event: 14.673 Thread 0x000001fac5fc2d40 Exception <a 'sun/nio/fs/WindowsException'{0x00000000d561ff98}> (0x00000000d561ff98) 
thrown [s\src\hotspot\share\prims\jni.cpp, line 520]
Event: 14.673 Thread 0x000001fac5fc2d40 Exception <a 'sun/nio/fs/WindowsException'{0x00000000d56205c8}> (0x00000000d56205c8) 
thrown [s\src\hotspot\share\prims\jni.cpp, line 520]

ZGC Phase Switch (0 events):
No events

VM Operations (20 events):
Event: 3968.491 Executing non-safepoint VM operation: HandshakeAllThreads (HandshakeForDeflation)
Event: 3968.491 Executing non-safepoint VM operation: HandshakeAllThreads (HandshakeForDeflation) done
Event: 3968.491 Executing non-safepoint VM operation: RendezvousGCThreads
Event: 3968.491 Executing non-safepoint VM operation: RendezvousGCThreads done
Event: 4028.616 Executing non-safepoint VM operation: HandshakeAllThreads (HandshakeForDeflation)
Event: 4028.616 Executing non-safepoint VM operation: HandshakeAllThreads (HandshakeForDeflation) done
Event: 4028.616 Executing non-safepoint VM operation: RendezvousGCThreads
Event: 4028.616 Executing non-safepoint VM operation: RendezvousGCThreads done
Event: 4148.661 Executing non-safepoint VM operation: HandshakeAllThreads (HandshakeForDeflation)
Event: 4148.661 Executing non-safepoint VM operation: HandshakeAllThreads (HandshakeForDeflation) done
Event: 4148.661 Executing non-safepoint VM operation: RendezvousGCThreads
Event: 4148.661 Executing non-safepoint VM operation: RendezvousGCThreads done
Event: 4208.863 Executing non-safepoint VM operation: HandshakeAllThreads (HandshakeForDeflation)
Event: 4208.863 Executing non-safepoint VM operation: HandshakeAllThreads (HandshakeForDeflation) done
Event: 4208.863 Executing non-safepoint VM operation: RendezvousGCThreads
Event: 4208.863 Executing non-safepoint VM operation: RendezvousGCThreads done
Event: 4389.461 Executing non-safepoint VM operation: HandshakeAllThreads (HandshakeForDeflation)
Event: 4389.461 Executing non-safepoint VM operation: HandshakeAllThreads (HandshakeForDeflation) done
Event: 4389.461 Executing non-safepoint VM operation: RendezvousGCThreads
Event: 4389.461 Executing non-safepoint VM operation: RendezvousGCThreads done

Memory protections (0 events):
No events

Nmethod flushes (20 events):
Event: 13.355 Thread 0x000001fae75d4480 flushing  nmethod 0x000001faeb0e5790
Event: 13.355 Thread 0x000001fae75d4480 flushing  nmethod 0x000001faeb0e6690
Event: 13.355 Thread 0x000001fae75d4480 flushing  nmethod 0x000001faeb0e7010
Event: 13.355 Thread 0x000001fae75d4480 flushing  nmethod 0x000001faeb0e7390
Event: 13.355 Thread 0x000001fae75d4480 flushing  nmethod 0x000001faeb0e9e10
Event: 13.355 Thread 0x000001fae75d4480 flushing  nmethod 0x000001faeb0fce90
Event: 13.355 Thread 0x000001fae75d4480 flushing  nmethod 0x000001faeb0fd590
Event: 13.355 Thread 0x000001fae75d4480 flushing  nmethod 0x000001faeb0fdb90
Event: 13.355 Thread 0x000001fae75d4480 flushing  nmethod 0x000001faeb0fea10
Event: 13.355 Thread 0x000001fae75d4480 flushing  nmethod 0x000001faeb100210
Event: 13.355 Thread 0x000001fae75d4480 flushing  nmethod 0x000001faeb10c390
Event: 13.355 Thread 0x000001fae75d4480 flushing  nmethod 0x000001faeb125e10
Event: 13.355 Thread 0x000001fae75d4480 flushing  nmethod 0x000001faeb13a290
Event: 13.355 Thread 0x000001fae75d4480 flushing osr nmethod 0x000001faeb178f10
Event: 13.355 Thread 0x000001fae75d4480 flushing osr nmethod 0x000001faeb17d190
Event: 13.355 Thread 0x000001fae75d4480 flushing  nmethod 0x000001faeb1ac090
Event: 13.355 Thread 0x000001fae75d4480 flushing  nmethod 0x000001faeb1ad990
Event: 13.355 Thread 0x000001fae75d4480 flushing  nmethod 0x000001faeb1bbe10
Event: 13.355 Thread 0x000001fae75d4480 flushing  nmethod 0x000001faeb1bd590
Event: 13.355 Thread 0x000001fae75d4480 flushing  nmethod 0x000001faeb1d3190

Events (20 events):
Event: 22.576 Thread 0x000001fac5010220 Thread added: 0x000001fac5b38800
Event: 27.640 Thread 0x000001fac5b38800 Thread exited: 0x000001fac5b38800
Event: 27.889 Thread 0x000001fac5b365f0 Thread exited: 0x000001fac5b365f0
Event: 31.413 Thread 0x000001fac5010220 Thread added: 0x000001fac5b38800
Event: 31.420 Thread 0x000001fac5010220 Thread added: 0x000001fac5b365f0
Event: 36.493 Thread 0x000001fac5b365f0 Thread exited: 0x000001fac5b365f0
Event: 36.882 Thread 0x000001fac5b38800 Thread exited: 0x000001fac5b38800
Event: 74.674 Thread 0x000001fac5fc4780 Thread exited: 0x000001fac5fc4780
Event: 82.628 Thread 0x000001fac7f361a0 Thread exited: 0x000001fac7f361a0
Event: 134.732 Thread 0x000001fac5e69000 Thread exited: 0x000001fac5e69000
Event: 142.632 Thread 0x000001fac71d6d80 Thread exited: 0x000001fac71d6d80
Event: 202.636 Thread 0x000001fac71d7410 Thread exited: 0x000001fac71d7410
Event: 262.639 Thread 0x000001fac7f32690 Thread exited: 0x000001fac7f32690
Event: 322.640 Thread 0x000001fac7f32d20 Thread exited: 0x000001fac7f32d20
Event: 382.651 Thread 0x000001fac71daf20 Thread exited: 0x000001fac71daf20
Event: 442.666 Thread 0x000001fac71d7aa0 Thread exited: 0x000001fac71d7aa0
Event: 502.675 Thread 0x000001fac71dc2d0 Thread exited: 0x000001fac71dc2d0
Event: 562.684 Thread 0x000001fac71da890 Thread exited: 0x000001fac71da890
Event: 622.695 Thread 0x000001fac71dd680 Thread exited: 0x000001fac71dd680
Event: 682.696 Thread 0x000001fac71db5b0 Thread exited: 0x000001fac71db5b0


Dynamic libraries:
0x00007ff733140000 - 0x00007ff73314e000 	c:\Users\bmanc\.vscode\extensions\redhat.java-1.53.0-win32-x64\jre\21.0.10-win32-x86_64\bin\java.exe
0x00007ffc89170000 - 0x00007ffc89384000 	C:\WINDOWS\SYSTEM32\ntdll.dll
0x00007ffc87460000 - 0x00007ffc87524000 	C:\WINDOWS\System32\KERNEL32.DLL
0x00007ffc86870000 - 0x00007ffc86c14000 	C:\WINDOWS\System32\KERNELBASE.dll
0x00007ffc86de0000 - 0x00007ffc86ef1000 	C:\WINDOWS\System32\ucrtbase.dll
0x00007ffc4f120000 - 0x00007ffc4f138000 	c:\Users\bmanc\.vscode\extensions\redhat.java-1.53.0-win32-x64\jre\21.0.10-win32-x86_64\bin\jli.dll
0x00007ffc86f30000 - 0x00007ffc870de000 	C:\WINDOWS\System32\USER32.dll
0x00007ffc86660000 - 0x00007ffc86686000 	C:\WINDOWS\System32\win32u.dll
0x00007ffc86f00000 - 0x00007ffc86f29000 	C:\WINDOWS\System32\GDI32.dll
0x00007ffc86c20000 - 0x00007ffc86d38000 	C:\WINDOWS\System32\gdi32full.dll
0x00007ffc86d40000 - 0x00007ffc86dda000 	C:\WINDOWS\System32\msvcp_win.dll
0x00007ffc74670000 - 0x00007ffc74903000 	C:\WINDOWS\WinSxS\amd64_microsoft.windows.common-controls_6595b64144ccf1df_6.0.22621.2215_none_270d72677387dfc3\COMCTL32.dll
0x00007ffc88e60000 - 0x00007ffc88f07000 	C:\WINDOWS\System32\msvcrt.dll
0x00007ffc590b0000 - 0x00007ffc590ce000 	c:\Users\bmanc\.vscode\extensions\redhat.java-1.53.0-win32-x64\jre\21.0.10-win32-x86_64\bin\VCRUNTIME140.dll
0x00007ffc87e10000 - 0x00007ffc87e41000 	C:\WINDOWS\System32\IMM32.DLL
0x00007ffc83250000 - 0x00007ffc8325c000 	c:\Users\bmanc\.vscode\extensions\redhat.java-1.53.0-win32-x64\jre\21.0.10-win32-x86_64\bin\vcruntime140_1.dll
0x00007ffc2f680000 - 0x00007ffc2f70d000 	c:\Users\bmanc\.vscode\extensions\redhat.java-1.53.0-win32-x64\jre\21.0.10-win32-x86_64\bin\msvcp140.dll
0x00007ffc286a0000 - 0x00007ffc29441000 	c:\Users\bmanc\.vscode\extensions\redhat.java-1.53.0-win32-x64\jre\21.0.10-win32-x86_64\bin\server\jvm.dll
0x00007ffc873b0000 - 0x00007ffc87460000 	C:\WINDOWS\System32\ADVAPI32.dll
0x00007ffc88ba0000 - 0x00007ffc88c46000 	C:\WINDOWS\System32\sechost.dll
0x00007ffc87cf0000 - 0x00007ffc87e07000 	C:\WINDOWS\System32\RPCRT4.dll
0x00007ffc88760000 - 0x00007ffc887d1000 	C:\WINDOWS\System32\WS2_32.dll
0x00007ffc853d0000 - 0x00007ffc8541d000 	C:\WINDOWS\SYSTEM32\POWRPROF.dll
0x00007ffc7e4e0000 - 0x00007ffc7e514000 	C:\WINDOWS\SYSTEM32\WINMM.dll
0x00007ffc7cb90000 - 0x00007ffc7cb9a000 	C:\WINDOWS\SYSTEM32\VERSION.dll
0x00007ffc853b0000 - 0x00007ffc853c3000 	C:\WINDOWS\SYSTEM32\UMPDC.dll
0x00007ffc85610000 - 0x00007ffc85628000 	C:\WINDOWS\SYSTEM32\kernel.appcore.dll
0x00007ffc5c520000 - 0x00007ffc5c52a000 	c:\Users\bmanc\.vscode\extensions\redhat.java-1.53.0-win32-x64\jre\21.0.10-win32-x86_64\bin\jimage.dll
0x00007ffc83fd0000 - 0x00007ffc841fe000 	C:\WINDOWS\SYSTEM32\DBGHELP.DLL
0x00007ffc887e0000 - 0x00007ffc88b6a000 	C:\WINDOWS\System32\combase.dll
0x00007ffc87ba0000 - 0x00007ffc87c77000 	C:\WINDOWS\System32\OLEAUT32.dll
0x00007ffc64470000 - 0x00007ffc644a2000 	C:\WINDOWS\SYSTEM32\dbgcore.DLL
0x00007ffc865e0000 - 0x00007ffc8665a000 	C:\WINDOWS\System32\bcryptPrimitives.dll
0x00007ffc5a470000 - 0x00007ffc5a47f000 	c:\Users\bmanc\.vscode\extensions\redhat.java-1.53.0-win32-x64\jre\21.0.10-win32-x86_64\bin\instrument.dll
0x00007ffc4e740000 - 0x00007ffc4e760000 	c:\Users\bmanc\.vscode\extensions\redhat.java-1.53.0-win32-x64\jre\21.0.10-win32-x86_64\bin\java.dll
0x00007ffc87f30000 - 0x00007ffc88753000 	C:\WINDOWS\System32\SHELL32.dll
0x00007ffc844c0000 - 0x00007ffc84daa000 	C:\WINDOWS\SYSTEM32\windows.storage.dll
0x00007ffc84380000 - 0x00007ffc844be000 	C:\WINDOWS\SYSTEM32\wintypes.dll
0x00007ffc87160000 - 0x00007ffc87253000 	C:\WINDOWS\System32\SHCORE.dll
0x00007ffc890d0000 - 0x00007ffc8912e000 	C:\WINDOWS\System32\shlwapi.dll
0x00007ffc86450000 - 0x00007ffc86476000 	C:\WINDOWS\SYSTEM32\profapi.dll
0x00007ffc49d60000 - 0x00007ffc49d78000 	c:\Users\bmanc\.vscode\extensions\redhat.java-1.53.0-win32-x64\jre\21.0.10-win32-x86_64\bin\zip.dll
0x00007ffc5a1d0000 - 0x00007ffc5a1e0000 	C:\Users\bmanc\.vscode\extensions\redhat.java-1.53.0-win32-x64\jre\21.0.10-win32-x86_64\bin\net.dll
0x00007ffc7f1c0000 - 0x00007ffc7f2f7000 	C:\WINDOWS\SYSTEM32\WINHTTP.dll
0x00007ffc85ae0000 - 0x00007ffc85b49000 	C:\WINDOWS\system32\mswsock.dll
0x00007ffc49d10000 - 0x00007ffc49d26000 	C:\Users\bmanc\.vscode\extensions\redhat.java-1.53.0-win32-x64\jre\21.0.10-win32-x86_64\bin\nio.dll
0x00007ffc59f90000 - 0x00007ffc59fa0000 	c:\Users\bmanc\.vscode\extensions\redhat.java-1.53.0-win32-x64\jre\21.0.10-win32-x86_64\bin\verify.dll
0x00007ffc4b930000 - 0x00007ffc4b975000 	C:\Users\bmanc\AppData\Roaming\Code\User\globalStorage\redhat.java\1.53.0\config_win\org.eclipse.equinox.launcher\org.eclipse.equinox.launcher.win32.win32.x86_64_1.3.0.v20260203-2149\eclipse_11919.dll
0x00007ffc88c60000 - 0x00007ffc88dfe000 	C:\WINDOWS\System32\ole32.dll
0x00007ffc85d30000 - 0x00007ffc85d4b000 	C:\WINDOWS\SYSTEM32\CRYPTSP.dll
0x00007ffc855d0000 - 0x00007ffc85605000 	C:\WINDOWS\system32\rsaenh.dll
0x00007ffc85bd0000 - 0x00007ffc85bfc000 	C:\WINDOWS\SYSTEM32\USERENV.dll
0x00007ffc85ed0000 - 0x00007ffc85ef8000 	C:\WINDOWS\SYSTEM32\bcrypt.dll
0x00007ffc85d50000 - 0x00007ffc85d5c000 	C:\WINDOWS\SYSTEM32\CRYPTBASE.dll
0x00007ffc85080000 - 0x00007ffc850ad000 	C:\WINDOWS\SYSTEM32\IPHLPAPI.DLL
0x00007ffc88b70000 - 0x00007ffc88b79000 	C:\WINDOWS\System32\NSI.dll
0x00007ffc36240000 - 0x00007ffc36289000 	C:\Users\bmanc\AppData\Local\Temp\jna-93849003\jna12431223209208061466.dll
0x00007ffc88c50000 - 0x00007ffc88c58000 	C:\WINDOWS\System32\PSAPI.DLL
0x00007ffc7f140000 - 0x00007ffc7f159000 	C:\WINDOWS\SYSTEM32\dhcpcsvc6.DLL
0x00007ffc7f160000 - 0x00007ffc7f17f000 	C:\WINDOWS\SYSTEM32\dhcpcsvc.DLL

JVMTI agents:
c:\Users\bmanc\.vscode\extensions\redhat.java-1.53.0-win32-x64\lombok\lombok-1.18.39-4050.jar path:c:\Users\bmanc\.vscode\extensions\redhat.java-1.53.0-win32-x64\jre\21.0.10-win32-x86_64\bin\instrument.dll, loaded, initialized, instrumentlib options:none

dbghelp: loaded successfully - version: 4.0.5 - missing functions: none
symbol engine: initialized successfully - sym options: 0x614 - pdb path: .;c:\Users\bmanc\.vscode\extensions\redhat.java-1.53.0-win32-x64\jre\21.0.10-win32-x86_64\bin;C:\WINDOWS\SYSTEM32;C:\WINDOWS\WinSxS\amd64_microsoft.windows.common-controls_6595b64144ccf1df_6.0.22621.2215_none_270d72677387dfc3;c:\Users\bmanc\.vscode\extensions\redhat.java-1.53.0-win32-x64\jre\21.0.10-win32-x86_64\bin\server;C:\Users\bmanc\AppData\Roaming\Code\User\globalStorage\redhat.java\1.53.0\config_win\org.eclipse.equinox.launcher\org.eclipse.equinox.launcher.win32.win32.x86_64_1.3.0.v20260203-2149;C:\Users\bmanc\AppData\Local\Temp\jna-93849003

VM Arguments:
jvm_args: --add-modules=ALL-SYSTEM --add-opens=java.base/java.util=ALL-UNNAMED --add-opens=java.base/java.lang=ALL-UNNAMED --add-opens=java.base/sun.nio.fs=ALL-UNNAMED -Declipse.application=org.eclipse.jdt.ls.core.id1 -Dosgi.bundles.defaultStartLevel=4 -Declipse.product=org.eclipse.jdt.ls.core.product -Djava.import.generatesMetadataFilesAtProjectRoot=false -DDetectVMInstallationsJob.disabled=true -Dfile.encoding=utf8 -XX:+UseParallelGC -XX:GCTimeRatio=4 -XX:AdaptiveSizePolicyWeight=90 -Dsun.zip.disableMemoryMapping=true -Xmx2G -Xms100m -Xlog:disable -javaagent:c:\Users\bmanc\.vscode\extensions\redhat.java-1.53.0-win32-x64\lombok\lombok-1.18.39-4050.jar -XX:+HeapDumpOnOutOfMemoryError -XX:HeapDumpPath=c:\Users\bmanc\AppData\Roaming\Code\User\workspaceStorage\df1b5a3dda25a61ad57d8689e993da82\redhat.java -Daether.dependencyCollector.impl=bf 
java_command: c:\Users\bmanc\.vscode\extensions\redhat.java-1.53.0-win32-x64\server\plugins\org.eclipse.equinox.launcher_1.7.100.v20251111-0406.jar -configuration c:\Users\bmanc\AppData\Roaming\Code\User\globalStorage\redhat.java\1.53.0\config_win -data c:\Users\bmanc\AppData\Roaming\Code\User\workspaceStorage\df1b5a3dda25a61ad57d8689e993da82\redhat.java\jdt_ws --pipe=\\.\pipe\lsp-7ea1375a58dd6045c8b732ee7f913619-sock
java_class_path (initial): c:\Users\bmanc\.vscode\extensions\redhat.java-1.53.0-win32-x64\server\plugins\org.eclipse.equinox.launcher_1.7.100.v20251111-0406.jar
Launcher Type: SUN_STANDARD

[Global flags]
    uintx AdaptiveSizePolicyWeight                 = 90                                        {product} {command line}
     intx CICompilerCount                          = 4                                         {product} {ergonomic}
    uintx GCTimeRatio                              = 4                                         {product} {command line}
     bool HeapDumpOnOutOfMemoryError               = true                                   {manageable} {command line}
    ccstr HeapDumpPath                             = c:\Users\bmanc\AppData\Roaming\Code\User\workspaceStorage\df1b5a3dda25a61ad57d8689e993da82\redhat.java         {manageable} {command line}
   size_t InitialHeapSize                          = 104857600                                 {product} {command line}
   size_t MaxHeapSize                              = 2147483648                                {product} {command line}
   size_t MaxNewSize                               = 715653120                                 {product} {ergonomic}
   size_t MinHeapDeltaBytes                        = 524288                                    {product} {ergonomic}
   size_t MinHeapSize                              = 104857600                                 {product} {command line}
   size_t NewSize                                  = 34603008                                  {product} {ergonomic}
    uintx NonNMethodCodeHeapSize                   = 5839372                                {pd product} {ergonomic}
    uintx NonProfiledCodeHeapSize                  = 122909434                              {pd product} {ergonomic}
   size_t OldSize                                  = 70254592                                  {product} {ergonomic}
    uintx ProfiledCodeHeapSize                     = 122909434                              {pd product} {ergonomic}
    uintx ReservedCodeCacheSize                    = 251658240                              {pd product} {ergonomic}
     bool SegmentedCodeCache                       = true                                      {product} {ergonomic}
   size_t SoftMaxHeapSize                          = 2147483648                             {manageable} {ergonomic}
     bool UseCompressedOops                        = true                           {product lp64_product} {ergonomic}
     bool UseLargePagesIndividualAllocation        = false                                  {pd product} {ergonomic}
     bool UseParallelGC                            = true                                      {product} {command line}

Logging:
Log output configuration:
 #0: stdout all=off uptime,level,tags foldmultilines=false
 #1: stderr all=off uptime,level,tags foldmultilines=false

Release file:
JAVA_VERSION="21.0.10" 
MODULES="java.base java.compiler java.datatransfer java.xml java.prefs java.desktop java.instrument java.logging java.management java.security.sasl java.naming java.rmi java.management.rmi java.net.http java.scripting java.security.jgss java.transaction.xa java.sql java.sql.rowset java.xml.crypto java.se java.smartcardio jdk.accessibility jdk.internal.jvmstat jdk.attach jdk.charsets jdk.internal.opt jdk.zipfs jdk.compiler jdk.crypto.ec jdk.crypto.cryptoki jdk.crypto.mscapi jdk.dynalink jdk.internal.ed jdk.editpad jdk.hotspot.agent jdk.httpserver jdk.internal.le jdk.internal.vm.ci jdk.internal.vm.compiler jdk.internal.vm.compiler.management jdk.jartool jdk.javadoc jdk.jcmd jdk.management jdk.management.agent jdk.jconsole jdk.jdeps jdk.jdwp.agent jdk.jdi jdk.jfr jdk.jshell jdk.jsobject jdk.jstatd jdk.localedata jdk.management.jfr jdk.naming.dns jdk.naming.rmi jdk.net jdk.nio.mapmode jdk.random jdk.sctp jdk.security.auth jdk.security.jgss jdk.unsupported jdk.unsupported.desktop jdk.xml.dom" 

Environment Variables:
JAVA_HOME=C:\Program Files\Java\jdk-25
PATH=C:\Users\bmanc\AppData\Local\Programs\Microsoft VS Code;C:\Program Files\Common Files\Oracle\Java\javapath;C:\sqlite;C:\WINDOWS\system32;C:\WINDOWS\System32\Wbem;C:\WINDOWS;C:\WINDOWS\System32\WindowsPowerShell\v1.0\;C:\WINDOWS\System32\OpenSSH\;C:\WINDOWS\system32;C:\WINDOWS\System32\Wbem;C:\WINDOWS;C:\WINDOWS\System32\WindowsPowerShell\v1.0\;C:\WINDOWS\System32\OpenSSH\;C:\Program Files (x86)\NVIDIA Corporation\PhysX\Common;C:\Program Files\dotnet\;C:\Program Files\NVIDIA Corporation\NVIDIA app\NvDLISR;C:\ProgramData\chocolatey\bin;C:\Program Files\Amazon\AWSCLIV2\;C:\Users\bmanc\AppData\Local\Android\Sdk\platform-tools;C:\Program Files\Java\jdk-25\bin;C:\Users\bmanc\AppData\Local\Android\Sdk\platform-tools;D:\;C:\Program Files\Git\cmd;C:\apache-maven\bin;C:\Program Files\Microsoft SQL Server\Client SDK\ODBC\170\Tools\Binn\;C:\Program Files\Microsoft SQL Server\150\Tools\Binn\;C:\Program Files (x86)\Microsoft SQL Server\160\Tools\Binn\;C:\Program Files\Microsoft SQL Server\160\Tools\Binn\;C:\Program Files\Microsoft SQL Server\160\DTS\Binn\;C:\Users\bmanc\AppData\Local\Programs\Eclipse Adoptium\jdk-21.0.8.9-hotspot\bin;C:\Users\bmanc\AppData\Local\Programs\Python\Launcher\;C:\Users\bmanc\AppData\Local\Programs\Eclipse Adoptium\jre-8.0.442.6-hotspot\bin;C:\Users\bmanc\AppData\Local\Microsoft\WindowsApps;;C:\Users\bmanc\AppData\Local\Programs\Microsoft VS Code\bin;C:\Users\bmanc\.dotnet\tools;C:\Users\bmanc\.aftman\bin;C:\Users\bmanc\.rokit\bin;C:\Users\bmanc\AppData\Roaming\npm
USERNAME=bmanc
OS=Windows_NT
PROCESSOR_IDENTIFIER=AMD64 Family 23 Model 96 Stepping 1, AuthenticAMD
TMP=C:\Users\bmanc\AppData\Local\Temp
TEMP=C:\Users\bmanc\AppData\Local\Temp




Periodic native trim disabled

---------------  S Y S T E M  ---------------

OS:
 Windows 11 , 64 bit Build 22621 (10.0.22621.2215)
OS uptime: 0 days 18:12 hours

CPU: total 12 (initial active 12) (12 cores per cpu, 2 threads per core) family 23 model 96 stepping 1 microcode 0x0, cx8, cmov, fxsr, ht, mmx, 3dnowpref, sse, sse2, sse3, ssse3, sse4a, sse4.1, sse4.2, popcnt, lzcnt, tsc, tscinvbit, avx, avx2, aes, clmul, bmi1, bmi2, adx, sha, fma, vzeroupper, clflush, clflushopt, rdtscp, rdpid, f16c
Processor Information for the first 12 processors :
  Max Mhz: 3000, Current Mhz: 3000, Mhz Limit: 3000

Memory: 4k page, system-wide physical 15741M (4400M free)
TotalPageFile size 46106M (AvailPageFile size 4M)
current process WorkingSet (physical memory assigned to process): 66M, peak: 302M
current process commit charge ("private bytes"): 345M, peak: 392M

vm_info: OpenJDK 64-Bit Server VM (21.0.10+7-LTS) for windows-amd64 JRE (21.0.10+7-LTS), built on 2026-01-20T00:00:00Z by "admin" with MS VC++ 17.12 (VS2022)

END.
