#
# There is insufficient memory for the Java Runtime Environment to continue.
# Native memory allocation (malloc) failed to allocate 330368 bytes. Error detail: Chunk::new
# Possible reasons:
#   The system is out of physical RAM or swap space
#   This process is running with CompressedOops enabled, and the Java Heap may be blocking the growth of the native heap
# Possible solutions:
#   Reduce memory load on the system
#   Increase physical memory or swap space
#   Check if swap backing store is full
#   Decrease Java heap size (-Xmx/-Xms)
#   Decrease number of Java threads
#   Decrease Java thread stack sizes (-Xss)
#   Set larger code cache with -XX:ReservedCodeCacheSize=
#   JVM is running with Unscaled Compressed Oops mode in which the Java heap is
#     placed in the first 4GB address space. The Java Heap base address is the
#     maximum limit for the native heap growth. Please use -XX:HeapBaseMinAddress
#     to set the Java Heap base and to place the Java Heap above 4GB virtual address.
# This output file may be truncated or incomplete.
#
#  Out of Memory Error (arena.cpp:168), pid=2264, tid=10896
#
# JRE version: OpenJDK Runtime Environment Temurin-21.0.10+7 (21.0.10+7) (build 21.0.10+7-LTS)
# Java VM: OpenJDK 64-Bit Server VM Temurin-21.0.10+7 (21.0.10+7-LTS, mixed mode, sharing, tiered, compressed oops, compressed class ptrs, parallel gc, windows-amd64)
# No core dump will be written. Minidumps are not enabled by default on client versions of Windows
#

---------------  S U M M A R Y ------------

Command Line: --add-modules=ALL-SYSTEM --add-opens=java.base/java.util=ALL-UNNAMED --add-opens=java.base/java.lang=ALL-UNNAMED --add-opens=java.base/sun.nio.fs=ALL-UNNAMED -Declipse.application=org.eclipse.jdt.ls.core.id1 -Dosgi.bundles.defaultStartLevel=4 -Declipse.product=org.eclipse.jdt.ls.core.product -Djava.import.generatesMetadataFilesAtProjectRoot=false -DDetectVMInstallationsJob.disabled=true -Dfile.encoding=utf8 -XX:+UseParallelGC -XX:GCTimeRatio=4 -XX:AdaptiveSizePolicyWeight=90 -Dsun.zip.disableMemoryMapping=true -Xmx2G -Xms100m -Xlog:disable -javaagent:c:\Users\bmanc\.vscode\extensions\redhat.java-1.53.0-win32-x64\lombok\lombok-1.18.39-4050.jar -XX:+HeapDumpOnOutOfMemoryError -XX:HeapDumpPath=c:\Users\bmanc\AppData\Roaming\Code\User\workspaceStorage\df1b5a3dda25a61ad57d8689e993da82\redhat.java -Daether.dependencyCollector.impl=bf c:\Users\bmanc\.vscode\extensions\redhat.java-1.53.0-win32-x64\server\plugins\org.eclipse.equinox.launcher_1.7.100.v20251111-0406.jar -configuration c:\Users\bmanc\AppData\Roaming\Code\User\globalStorage\redhat.java\1.53.0\config_win -data c:\Users\bmanc\AppData\Roaming\Code\User\workspaceStorage\df1b5a3dda25a61ad57d8689e993da82\redhat.java\jdt_ws --pipe=\\.\pipe\lsp-a4a66517db7b5331a37844f41503ba00-sock

Host: AMD Ryzen 5 4600H with Radeon Graphics         , 12 cores, 15G,  Windows 11 , 64 bit Build 22621 (10.0.22621.2215)
Time: Sun Mar  8 14:58:07 2026 Central Daylight Time elapsed time: 1.632227 seconds (0d 0h 0m 1s)

---------------  T H R E A D  ---------------

Current thread (0x0000025e7c28cf70):  JavaThread "C2 CompilerThread1" daemon [_thread_in_native, id=10896, stack(0x000000c1f8700000,0x000000c1f8800000) (1024K)]


Current CompileTask:
C2:1632 1790       4       java.io.WinNTFileSystem::normalize (224 bytes)

Stack: [0x000000c1f8700000,0x000000c1f8800000]
Native frames: (J=compiled Java code, j=interpreted, Vv=VM code, C=native code)
V  [jvm.dll+0x6d7a39]
V  [jvm.dll+0x8b4b26]
V  [jvm.dll+0x8b70de]
V  [jvm.dll+0x8b77c3]
V  [jvm.dll+0x284346]
V  [jvm.dll+0xc66ed]
V  [jvm.dll+0xc6c31]
V  [jvm.dll+0x3bec3b]
V  [jvm.dll+0x38b162]
V  [jvm.dll+0x38a5aa]
V  [jvm.dll+0x24c560]
V  [jvm.dll+0x24bb40]
V  [jvm.dll+0x1cb34e]
V  [jvm.dll+0x25b85d]
V  [jvm.dll+0x259dea]
V  [jvm.dll+0x3f857e]
V  [jvm.dll+0x85f59d]
V  [jvm.dll+0x6d626d]
C  [ucrtbase.dll+0x29363]
C  [KERNEL32.DLL+0x1257d]
C  [ntdll.dll+0x5aa68]


---------------  P R O C E S S  ---------------

Threads class SMR info:
_java_thread_list=0x0000025e7cbea860, length=14, elements={
0x0000025e5f4ab550, 0x0000025e5f45ace0, 0x0000025e5f45c290, 0x0000025e7c000fc0,
0x0000025e7c001d50, 0x0000025e7c005660, 0x0000025e7c00c1a0, 0x0000025e7c018370,
0x0000025e7c01ae30, 0x0000025e7c21e650, 0x0000025e7c28cf70, 0x0000025e7c26c6a0,
0x0000025e7c442550, 0x0000025e7c929b70
}

Java Threads: ( => current thread )
  0x0000025e5f4ab550 JavaThread "main"                              [_thread_in_native, id=11736, stack(0x000000c1f7900000,0x000000c1f7a00000) (1024K)]
  0x0000025e5f45ace0 JavaThread "Reference Handler"          daemon [_thread_blocked, id=4348, stack(0x000000c1f7e00000,0x000000c1f7f00000) (1024K)]
  0x0000025e5f45c290 JavaThread "Finalizer"                  daemon [_thread_blocked, id=16620, stack(0x000000c1f7f00000,0x000000c1f8000000) (1024K)]
  0x0000025e7c000fc0 JavaThread "Signal Dispatcher"          daemon [_thread_blocked, id=11040, stack(0x000000c1f8000000,0x000000c1f8100000) (1024K)]
  0x0000025e7c001d50 JavaThread "Attach Listener"            daemon [_thread_blocked, id=22168, stack(0x000000c1f8100000,0x000000c1f8200000) (1024K)]
  0x0000025e7c005660 JavaThread "Service Thread"             daemon [_thread_blocked, id=5180, stack(0x000000c1f8200000,0x000000c1f8300000) (1024K)]
  0x0000025e7c00c1a0 JavaThread "Monitor Deflation Thread"   daemon [_thread_blocked, id=9748, stack(0x000000c1f8300000,0x000000c1f8400000) (1024K)]
  0x0000025e7c018370 JavaThread "C2 CompilerThread0"         daemon [_thread_blocked, id=14056, stack(0x000000c1f8400000,0x000000c1f8500000) (1024K)]
  0x0000025e7c01ae30 JavaThread "C1 CompilerThread0"         daemon [_thread_blocked, id=19756, stack(0x000000c1f8500000,0x000000c1f8600000) (1024K)]
  0x0000025e7c21e650 JavaThread "Common-Cleaner"             daemon [_thread_blocked, id=1704, stack(0x000000c1f8600000,0x000000c1f8700000) (1024K)]
=>0x0000025e7c28cf70 JavaThread "C2 CompilerThread1"         daemon [_thread_in_native, id=10896, stack(0x000000c1f8700000,0x000000c1f8800000) (1024K)]
  0x0000025e7c26c6a0 JavaThread "Notification Thread"        daemon [_thread_blocked, id=4964, stack(0x000000c1f8800000,0x000000c1f8900000) (1024K)]
  0x0000025e7c442550 JavaThread "C2 CompilerThread2"         daemon [_thread_blocked, id=11960, stack(0x000000c1f8900000,0x000000c1f8a00000) (1024K)]
  0x0000025e7c929b70 JavaThread "Active Thread: Equinox Container: 96bc8848-c325-4dad-866f-5b3576a015bb"        [_thread_blocked, id=11880, stack(0x000000c1f9000000,0x000000c1f9100000) (1024K)]
Total: 14

Other Threads:
  0x0000025e5f443c50 VMThread "VM Thread"                           [id=3220, stack(0x000000c1f7c00000,0x000000c1f7d00000) (1024K)]
  0x0000025e5f33cb50 WatcherThread "VM Periodic Task Thread"        [id=7704, stack(0x000000c1f7b00000,0x000000c1f7c00000) (1024K)]
  0x0000025e5f4c8330 WorkerThread "GC Thread#0"                     [id=4192, stack(0x000000c1f7a00000,0x000000c1f7b00000) (1024K)]
  0x0000025e7cab6040 WorkerThread "GC Thread#1"                     [id=5220, stack(0x000000c1f8a00000,0x000000c1f8b00000) (1024K)]
  0x0000025e7c6502a0 WorkerThread "GC Thread#2"                     [id=4484, stack(0x000000c1f8b00000,0x000000c1f8c00000) (1024K)]
  0x0000025e7c654730 WorkerThread "GC Thread#3"                     [id=13592, stack(0x000000c1f8c00000,0x000000c1f8d00000) (1024K)]
  0x0000025e7c654ae0 WorkerThread "GC Thread#4"                     [id=3204, stack(0x000000c1f8d00000,0x000000c1f8e00000) (1024K)]
  0x0000025e7c654e90 WorkerThread "GC Thread#5"                     [id=10084, stack(0x000000c1f8e00000,0x000000c1f8f00000) (1024K)]
  0x0000025e7c639740 WorkerThread "GC Thread#6"                     [id=21936, stack(0x000000c1f8f00000,0x000000c1f9000000) (1024K)]
Total: 9

Threads with active compile tasks:
C2 CompilerThread1  1651 1790       4       java.io.WinNTFileSystem::normalize (224 bytes)
Total: 1

VM state: not at safepoint (normal execution)

VM Mutex/Monitor currently owned by a thread: None

Heap address: 0x0000000080000000, size: 2048 MB, Compressed Oops mode: 32-bit

CDS archive(s) mapped at: [0x0000025e00000000-0x0000025e00ba0000-0x0000025e00ba0000), size 12189696, SharedBaseAddress: 0x0000025e00000000, ArchiveRelocationMode: 1.
Compressed class space mapped at: 0x0000025e01000000-0x0000025e41000000, reserved size: 1073741824
Narrow klass base: 0x0000025e00000000, Narrow klass shift: 0, Narrow klass range: 0x100000000

GC Precious Log:
 CardTable entry size: 512
 CPUs: 12 total, 12 available
 Memory: 15741M
 Large Page Support: Disabled
 NUMA Support: Disabled
 Compressed Oops: Enabled (32-bit)
 Alignments: Space 512K, Generation 512K, Heap 2M
 Heap Min Capacity: 100M
 Heap Initial Capacity: 100M
 Heap Max Capacity: 2G
 Pre-touch: Disabled
 Parallel Workers: 10

Heap:
 PSYoungGen      total 29696K, used 27923K [0x00000000d5580000, 0x00000000d7680000, 0x0000000100000000)
  eden space 25600K, 96% used [0x00000000d5580000,0x00000000d6d88e58,0x00000000d6e80000)
  from space 4096K, 80% used [0x00000000d6e80000,0x00000000d71bc148,0x00000000d7280000)
  to   space 4096K, 0% used [0x00000000d7280000,0x00000000d7280000,0x00000000d7680000)
 ParOldGen       total 68608K, used 16K [0x0000000080000000, 0x0000000084300000, 0x00000000d5580000)
  object space 68608K, 0% used [0x0000000080000000,0x0000000080004000,0x0000000084300000)
 Metaspace       used 7956K, committed 8192K, reserved 1114112K
  class space    used 831K, committed 960K, reserved 1048576K

Card table byte_map: [0x0000025e5ee50000,0x0000025e5f260000] _byte_map_base: 0x0000025e5ea50000

Marking Bits: (ParMarkBitMap*) 0x00007ffc29363450
 Begin Bits: [0x0000025e71960000, 0x0000025e73960000)
 End Bits:   [0x0000025e73960000, 0x0000025e75960000)

Polling page: 0x0000025e5d330000

Metaspace:

Usage:
  Non-class:      6.96 MB used.
      Class:    831.52 KB used.
       Both:      7.77 MB used.

Virtual space:
  Non-class space:       64.00 MB reserved,       7.06 MB ( 11%) committed,  1 nodes.
      Class space:        1.00 GB reserved,     960.00 KB ( <1%) committed,  1 nodes.
             Both:        1.06 GB reserved,       8.00 MB ( <1%) committed. 

Chunk freelists:
   Non-Class:  8.83 MB
       Class:  14.91 MB
        Both:  23.73 MB

MaxMetaspaceSize: unlimited
CompressedClassSpaceSize: 1.00 GB
Initial GC threshold: 21.00 MB
Current GC threshold: 21.00 MB
CDS: on
 - commit_granule_bytes: 65536.
 - commit_granule_words: 8192.
 - virtual_space_node_default_size: 8388608.
 - enlarge_chunks_in_place: 1.
 - use_allocation_guard: 0.


Internal statistics:

num_allocs_failed_limit: 0.
num_arena_births: 228.
num_arena_deaths: 0.
num_vsnodes_births: 2.
num_vsnodes_deaths: 0.
num_space_committed: 128.
num_space_uncommitted: 0.
num_chunks_returned_to_freelist: 0.
num_chunks_taken_from_freelist: 419.
num_chunk_merges: 0.
num_chunk_splits: 271.
num_chunks_enlarged: 178.
num_inconsistent_stats: 0.

CodeHeap 'non-profiled nmethods': size=120000Kb used=783Kb max_used=783Kb free=119216Kb
 bounds [0x0000025e6a180000, 0x0000025e6a3f0000, 0x0000025e716b0000]
CodeHeap 'profiled nmethods': size=120000Kb used=3169Kb max_used=3169Kb free=116830Kb
 bounds [0x0000025e626b0000, 0x0000025e629d0000, 0x0000025e69be0000]
CodeHeap 'non-nmethods': size=5760Kb used=1215Kb max_used=1244Kb free=4544Kb
 bounds [0x0000025e69be0000, 0x0000025e69e50000, 0x0000025e6a180000]
CodeCache: size=245760Kb, used=5167Kb, max_used=5196Kb, free=240590Kb
 total_blobs=2273, nmethods=1790, adapters=390, full_count=0
Compilation: enabled, stopped_count=0, restarted_count=0

Compilation events (20 events):
Event: 1.551 Thread 0x0000025e7c01ae30 nmethod 1782 0x0000025e629bfb10 code [0x0000025e629bff20, 0x0000025e629c1ec8]
Event: 1.551 Thread 0x0000025e7c01ae30 1783       3       java.net.URL::isValidProtocol (78 bytes)
Event: 1.551 Thread 0x0000025e7c28cf70 1784       4       java.lang.System::getSecurityManager (12 bytes)
Event: 1.552 Thread 0x0000025e7c28cf70 nmethod 1784 0x0000025e6a243810 code [0x0000025e6a243980, 0x0000025e6a2439e8]
Event: 1.552 Thread 0x0000025e7c01ae30 nmethod 1783 0x0000025e629c2b10 code [0x0000025e629c2e20, 0x0000025e629c4058]
Event: 1.552 Thread 0x0000025e7c01ae30 1786       3       java.net.URL::toExternalForm (9 bytes)
Event: 1.552 Thread 0x0000025e7c01ae30 nmethod 1786 0x0000025e629c4790 code [0x0000025e629c4940, 0x0000025e629c4b20]
Event: 1.552 Thread 0x0000025e7c01ae30 1785       1       sun.nio.fs.NativeBuffer::address (5 bytes)
Event: 1.552 Thread 0x0000025e7c01ae30 nmethod 1785 0x0000025e6a243b10 code [0x0000025e6a243ca0, 0x0000025e6a243d68]
Event: 1.595 Thread 0x0000025e7c01ae30 1787       3       sun.nio.fs.WindowsPathParser::nextNonSlash (24 bytes)
Event: 1.595 Thread 0x0000025e7c01ae30 nmethod 1787 0x0000025e629c4c10 code [0x0000025e629c4e20, 0x0000025e629c5528]
Event: 1.596 Thread 0x0000025e7c01ae30 1788       3       java.lang.ThreadLocal$ThreadLocalMap::getEntry (42 bytes)
Event: 1.597 Thread 0x0000025e7c01ae30 nmethod 1788 0x0000025e629c5890 code [0x0000025e629c5a60, 0x0000025e629c5e20]
Event: 1.598 Thread 0x0000025e7c01ae30 1789       3       java.lang.AbstractStringBuilder::appendChars (207 bytes)
Event: 1.598 Thread 0x0000025e7c01ae30 nmethod 1789 0x0000025e629c6010 code [0x0000025e629c62c0, 0x0000025e629c71e8]
Event: 1.618 Thread 0x0000025e7c28cf70 1790       4       java.io.WinNTFileSystem::normalize (224 bytes)
Event: 1.619 Thread 0x0000025e7c01ae30 1791       3       java.io.File::isAbsolute (8 bytes)
Event: 1.619 Thread 0x0000025e7c01ae30 nmethod 1791 0x0000025e629c7710 code [0x0000025e629c78c0, 0x0000025e629c7a10]
Event: 1.619 Thread 0x0000025e7c01ae30 1792       3       java.io.WinNTFileSystem::isAbsolute (36 bytes)
Event: 1.619 Thread 0x0000025e7c01ae30 nmethod 1792 0x0000025e629c7a90 code [0x0000025e629c7ca0, 0x0000025e629c8330]

GC Heap History (2 events):
Event: 0.815 GC heap before
{Heap before GC invocations=1 (full 0):
 PSYoungGen      total 29696K, used 25600K [0x00000000d5580000, 0x00000000d7680000, 0x0000000100000000)
  eden space 25600K, 100% used [0x00000000d5580000,0x00000000d6e80000,0x00000000d6e80000)
  from space 4096K, 0% used [0x00000000d7280000,0x00000000d7280000,0x00000000d7680000)
  to   space 4096K, 0% used [0x00000000d6e80000,0x00000000d6e80000,0x00000000d7280000)
 ParOldGen       total 68608K, used 0K [0x0000000080000000, 0x0000000084300000, 0x00000000d5580000)
  object space 68608K, 0% used [0x0000000080000000,0x0000000080000000,0x0000000084300000)
 Metaspace       used 4345K, committed 4608K, reserved 1114112K
  class space    used 474K, committed 576K, reserved 1048576K
}
Event: 0.822 GC heap after
{Heap after GC invocations=1 (full 0):
 PSYoungGen      total 29696K, used 3312K [0x00000000d5580000, 0x00000000d7680000, 0x0000000100000000)
  eden space 25600K, 0% used [0x00000000d5580000,0x00000000d5580000,0x00000000d6e80000)
  from space 4096K, 80% used [0x00000000d6e80000,0x00000000d71bc148,0x00000000d7280000)
  to   space 4096K, 0% used [0x00000000d7280000,0x00000000d7280000,0x00000000d7680000)
 ParOldGen       total 68608K, used 16K [0x0000000080000000, 0x0000000084300000, 0x00000000d5580000)
  object space 68608K, 0% used [0x0000000080000000,0x0000000080004000,0x0000000084300000)
 Metaspace       used 4345K, committed 4608K, reserved 1114112K
  class space    used 474K, committed 576K, reserved 1048576K
}

Dll operation events (8 events):
Event: 0.014 Loaded shared library c:\Users\bmanc\.vscode\extensions\redhat.java-1.53.0-win32-x64\jre\21.0.10-win32-x86_64\bin\java.dll
Event: 0.097 Loaded shared library c:\Users\bmanc\.vscode\extensions\redhat.java-1.53.0-win32-x64\jre\21.0.10-win32-x86_64\bin\zip.dll
Event: 0.124 Loaded shared library C:\Users\bmanc\.vscode\extensions\redhat.java-1.53.0-win32-x64\jre\21.0.10-win32-x86_64\bin\instrument.dll
Event: 0.130 Loaded shared library C:\Users\bmanc\.vscode\extensions\redhat.java-1.53.0-win32-x64\jre\21.0.10-win32-x86_64\bin\net.dll
Event: 0.132 Loaded shared library C:\Users\bmanc\.vscode\extensions\redhat.java-1.53.0-win32-x64\jre\21.0.10-win32-x86_64\bin\nio.dll
Event: 0.137 Loaded shared library C:\Users\bmanc\.vscode\extensions\redhat.java-1.53.0-win32-x64\jre\21.0.10-win32-x86_64\bin\zip.dll
Event: 0.160 Loaded shared library C:\Users\bmanc\.vscode\extensions\redhat.java-1.53.0-win32-x64\jre\21.0.10-win32-x86_64\bin\jimage.dll
Event: 0.253 Loaded shared library c:\Users\bmanc\.vscode\extensions\redhat.java-1.53.0-win32-x64\jre\21.0.10-win32-x86_64\bin\verify.dll

Deoptimization events (20 events):
Event: 1.422 Thread 0x0000025e5f4ab550 Uncommon trap: trap_request=0xffffffde fr.pc=0x0000025e6a205bbc relative=0x00000000000009bc
Event: 1.422 Thread 0x0000025e5f4ab550 Uncommon trap: reason=class_check action=maybe_recompile pc=0x0000025e6a205bbc method=java.util.HashMap.putVal(ILjava/lang/Object;Ljava/lang/Object;ZZ)Ljava/lang/Object; @ 253 c2
Event: 1.422 Thread 0x0000025e5f4ab550 DEOPT PACKING pc=0x0000025e6a205bbc sp=0x000000c1f79fe510
Event: 1.422 Thread 0x0000025e5f4ab550 DEOPT UNPACKING pc=0x0000025e69c33aa2 sp=0x000000c1f79fe438 mode 2
Event: 1.424 Thread 0x0000025e5f4ab550 Uncommon trap: trap_request=0xffffffde fr.pc=0x0000025e6a1de800 relative=0x0000000000000920
Event: 1.424 Thread 0x0000025e5f4ab550 Uncommon trap: reason=class_check action=maybe_recompile pc=0x0000025e6a1de800 method=java.util.HashMap.putVal(ILjava/lang/Object;Ljava/lang/Object;ZZ)Ljava/lang/Object; @ 253 c2
Event: 1.424 Thread 0x0000025e5f4ab550 DEOPT PACKING pc=0x0000025e6a1de800 sp=0x000000c1f79fe370
Event: 1.424 Thread 0x0000025e5f4ab550 DEOPT UNPACKING pc=0x0000025e69c33aa2 sp=0x000000c1f79fe330 mode 2
Event: 1.501 Thread 0x0000025e5f4ab550 DEOPT PACKING pc=0x0000025e627bd80b sp=0x000000c1f79fcac0
Event: 1.501 Thread 0x0000025e5f4ab550 DEOPT UNPACKING pc=0x0000025e69c34242 sp=0x000000c1f79fbf38 mode 0
Event: 1.502 Thread 0x0000025e5f4ab550 DEOPT PACKING pc=0x0000025e62826608 sp=0x000000c1f79fc6c0
Event: 1.502 Thread 0x0000025e5f4ab550 DEOPT UNPACKING pc=0x0000025e69c34242 sp=0x000000c1f79fbb40 mode 0
Event: 1.504 Thread 0x0000025e5f4ab550 DEOPT PACKING pc=0x0000025e62826608 sp=0x000000c1f79fc9d0
Event: 1.504 Thread 0x0000025e5f4ab550 DEOPT UNPACKING pc=0x0000025e69c34242 sp=0x000000c1f79fbe50 mode 0
Event: 1.505 Thread 0x0000025e5f4ab550 DEOPT PACKING pc=0x0000025e62826608 sp=0x000000c1f79fc920
Event: 1.505 Thread 0x0000025e5f4ab550 DEOPT UNPACKING pc=0x0000025e69c34242 sp=0x000000c1f79fbda0 mode 0
Event: 1.506 Thread 0x0000025e5f4ab550 DEOPT PACKING pc=0x0000025e62826608 sp=0x000000c1f79fcc20
Event: 1.506 Thread 0x0000025e5f4ab550 DEOPT UNPACKING pc=0x0000025e69c34242 sp=0x000000c1f79fc0a0 mode 0
Event: 1.618 Thread 0x0000025e5f4ab550 DEOPT PACKING pc=0x0000025e627687b9 sp=0x000000c1f79feb50
Event: 1.618 Thread 0x0000025e5f4ab550 DEOPT UNPACKING pc=0x0000025e69c34242 sp=0x000000c1f79fe050 mode 0

Classes loaded (20 events):
Event: 1.494 Loading class java/security/KeyStoreException
Event: 1.495 Loading class java/security/KeyStoreException done
Event: 1.527 Loading class java/util/LinkedList$Node
Event: 1.528 Loading class java/util/LinkedList$Node done
Event: 1.528 Loading class java/util/LinkedList$ListItr
Event: 1.528 Loading class java/util/LinkedList$ListItr done
Event: 1.529 Loading class java/lang/Thread$Builder$OfPlatform
Event: 1.529 Loading class java/lang/Thread$Builder
Event: 1.529 Loading class java/lang/Thread$Builder done
Event: 1.529 Loading class java/lang/Thread$Builder$OfPlatform done
Event: 1.529 Loading class java/lang/Thread$Builder$OfVirtual
Event: 1.529 Loading class java/lang/Thread$Builder$OfVirtual done
Event: 1.540 Loading class sun/nio/fs/WindowsChannelFactory
Event: 1.541 Loading class sun/nio/fs/WindowsChannelFactory done
Event: 1.541 Loading class sun/nio/fs/WindowsChannelFactory$1
Event: 1.541 Loading class sun/nio/fs/WindowsChannelFactory$1 done
Event: 1.541 Loading class sun/nio/fs/WindowsChannelFactory$Flags
Event: 1.541 Loading class sun/nio/fs/WindowsChannelFactory$Flags done
Event: 1.541 Loading class sun/nio/ch/FileChannelImpl$Closer
Event: 1.542 Loading class sun/nio/ch/FileChannelImpl$Closer done

Classes unloaded (0 events):
No events

Classes redefined (0 events):
No events

Internal exceptions (20 events):
Event: 0.622 Thread 0x0000025e5f4ab550 Exception <a 'java/lang/NoSuchMethodError'{0x00000000d6604b78}: 'java.lang.Object java.lang.invoke.DirectMethodHandle$Holder.invokeInterface(java.lang.Object, java.lang.Object, int)'> (0x00000000d6604b78) 
thrown [s\src\hotspot\share\interpreter\linkResolver.cpp, line 773]
Event: 0.749 Thread 0x0000025e5f4ab550 Exception <a 'java/lang/NoSuchMethodError'{0x00000000d6a6b630}: 'java.lang.ClassLoader java.lang.ClassLoader.getPlatformClassLoader(java.lang.Class)'> (0x00000000d6a6b630) 
thrown [s\src\hotspot\share\interpreter\linkResolver.cpp, line 773]
Event: 0.825 Thread 0x0000025e5f4ab550 Exception <a 'java/lang/ClassNotFoundException'{0x00000000d558a138}: sun/net/www/protocol/c/Handler> (0x00000000d558a138) 
thrown [s\src\hotspot\share\classfile\systemDictionary.cpp, line 312]
Event: 0.825 Thread 0x0000025e5f4ab550 Exception <a 'java/lang/ClassNotFoundException'{0x00000000d558b568}: sun/net/www/protocol/c/Handler> (0x00000000d558b568) 
thrown [s\src\hotspot\share\classfile\systemDictionary.cpp, line 312]
Event: 0.825 Thread 0x0000025e5f4ab550 Exception <a 'java/lang/ClassNotFoundException'{0x00000000d558c840}: sun/net/www/protocol/c/Handler> (0x00000000d558c840) 
thrown [s\src\hotspot\share\classfile\systemDictionary.cpp, line 312]
Event: 0.836 Thread 0x0000025e5f4ab550 Exception <a 'java/io/FileNotFoundException'{0x00000000d55be500}> (0x00000000d55be500) 
thrown [s\src\hotspot\share\prims\jni.cpp, line 520]
Event: 0.877 Thread 0x0000025e5f4ab550 Implicit null exception at 0x0000025e6a1d91c9 to 0x0000025e6a1d9b38
Event: 0.877 Thread 0x0000025e5f4ab550 Implicit null exception at 0x0000025e6a1dfa1a to 0x0000025e6a1dfc20
Event: 0.878 Thread 0x0000025e5f4ab550 Exception <a 'java/lang/NoSuchMethodError'{0x00000000d56f10a0}: 'void java.lang.invoke.DirectMethodHandle$Holder.invokeStatic(java.lang.Object, java.lang.Object, java.lang.Object, java.lang.Object)'> (0x00000000d56f10a0) 
thrown [s\src\hotspot\share\interpreter\linkResolver.cpp, line 773]
Event: 0.880 Thread 0x0000025e5f4ab550 Implicit null exception at 0x0000025e6a1e299a to 0x0000025e6a1e2ba4
Event: 0.880 Thread 0x0000025e5f4ab550 Implicit null exception at 0x0000025e6a1dd33d to 0x0000025e6a1dd3c1
Event: 0.984 Thread 0x0000025e5f4ab550 Exception <a 'java/lang/NoSuchMethodError'{0x00000000d59dc2d8}: 'void java.lang.invoke.DirectMethodHandle$Holder.invokeSpecial(java.lang.Object, java.lang.Object, java.lang.Object)'> (0x00000000d59dc2d8) 
thrown [s\src\hotspot\share\interpreter\linkResolver.cpp, line 773]
Event: 1.267 Thread 0x0000025e5f4ab550 Exception <a 'java/lang/NoSuchMethodError'{0x00000000d6460df0}: 'int java.lang.invoke.DirectMethodHandle$Holder.invokeVirtual(java.lang.Object, java.lang.Object)'> (0x00000000d6460df0) 
thrown [s\src\hotspot\share\interpreter\linkResolver.cpp, line 773]
Event: 1.334 Thread 0x0000025e5f4ab550 Exception <a 'java/lang/NoSuchMethodError'{0x00000000d65d7338}: 'int java.lang.invoke.DirectMethodHandle$Holder.invokeStaticInit(java.lang.Object, java.lang.Object, java.lang.Object, java.lang.Object)'> (0x00000000d65d7338) 
thrown [s\src\hotspot\share\interpreter\linkResolver.cpp, line 773]
Event: 1.336 Thread 0x0000025e5f4ab550 Exception <a 'java/lang/IncompatibleClassChangeError'{0x00000000d65df740}: Found class java.lang.Object, but interface was expected> (0x00000000d65df740) 
thrown [s\src\hotspot\share\interpreter\linkResolver.cpp, line 840]
Event: 1.337 Thread 0x0000025e5f4ab550 Exception <a 'java/lang/NoSuchMethodError'{0x00000000d65e5cf0}: 'void java.lang.invoke.DirectMethodHandle$Holder.invokeStaticInit(java.lang.Object, java.lang.Object)'> (0x00000000d65e5cf0) 
thrown [s\src\hotspot\share\interpreter\linkResolver.cpp, line 773]
Event: 1.338 Thread 0x0000025e5f4ab550 Exception <a 'java/lang/NoSuchMethodError'{0x00000000d65eeea8}: 'int java.lang.invoke.DirectMethodHandle$Holder.invokeStaticInit(java.lang.Object, java.lang.Object)'> (0x00000000d65eeea8) 
thrown [s\src\hotspot\share\interpreter\linkResolver.cpp, line 773]
Event: 1.399 Thread 0x0000025e5f4ab550 Exception <a 'java/lang/NoSuchMethodError'{0x00000000d6836640}: 'java.lang.Object java.lang.invoke.DirectMethodHandle$Holder.newInvokeSpecial(java.lang.Object, int, java.lang.Object)'> (0x00000000d6836640) 
thrown [s\src\hotspot\share\interpreter\linkResolver.cpp, line 773]
Event: 1.462 Thread 0x0000025e5f4ab550 Exception <a 'java/lang/ClassNotFoundException'{0x00000000d6a4e8e8}: sun/net/www/protocol/plurl/Handler> (0x00000000d6a4e8e8) 
thrown [s\src\hotspot\share\classfile\systemDictionary.cpp, line 312]
Event: 1.462 Thread 0x0000025e5f4ab550 Exception <a 'java/lang/ClassNotFoundException'{0x00000000d6a4f768}: sun/net/www/protocol/plurl/Handler> (0x00000000d6a4f768) 
thrown [s\src\hotspot\share\classfile\systemDictionary.cpp, line 312]

ZGC Phase Switch (0 events):
No events

VM Operations (20 events):
Event: 0.513 Executing non-safepoint VM operation: HandshakeAllThreads (Deoptimize)
Event: 0.514 Executing non-safepoint VM operation: HandshakeAllThreads (Deoptimize) done
Event: 0.532 Executing non-safepoint VM operation: HandshakeAllThreads (Deoptimize)
Event: 0.532 Executing non-safepoint VM operation: HandshakeAllThreads (Deoptimize) done
Event: 0.790 Executing safepoint VM operation: ICBufferFull
Event: 0.790 Executing safepoint VM operation: ICBufferFull done
Event: 0.797 Executing non-safepoint VM operation: HandshakeAllThreads (Deoptimize)
Event: 0.797 Executing non-safepoint VM operation: HandshakeAllThreads (Deoptimize) done
Event: 0.815 Executing safepoint VM operation: ParallelGCFailedAllocation (Allocation Failure)
Event: 0.822 Executing safepoint VM operation: ParallelGCFailedAllocation (Allocation Failure) done
Event: 1.369 Executing non-safepoint VM operation: HandshakeAllThreads (Deoptimize)
Event: 1.369 Executing non-safepoint VM operation: HandshakeAllThreads (Deoptimize) done
Event: 1.380 Executing non-safepoint VM operation: HandshakeAllThreads (Deoptimize)
Event: 1.380 Executing non-safepoint VM operation: HandshakeAllThreads (Deoptimize) done
Event: 1.440 Executing non-safepoint VM operation: HandshakeAllThreads (Deoptimize)
Event: 1.440 Executing non-safepoint VM operation: HandshakeAllThreads (Deoptimize) done
Event: 1.456 Executing non-safepoint VM operation: HandshakeAllThreads (Deoptimize)
Event: 1.456 Executing non-safepoint VM operation: HandshakeAllThreads (Deoptimize) done
Event: 1.539 Executing safepoint VM operation: ICBufferFull
Event: 1.539 Executing safepoint VM operation: ICBufferFull done

Memory protections (0 events):
No events

Nmethod flushes (0 events):
No events

Events (14 events):
Event: 0.036 Thread 0x0000025e5f4ab550 Thread added: 0x0000025e5f4ab550
Event: 0.053 Thread 0x0000025e5f4ab550 Thread added: 0x0000025e5f45ace0
Event: 0.053 Thread 0x0000025e5f4ab550 Thread added: 0x0000025e5f45c290
Event: 0.053 Thread 0x0000025e5f4ab550 Thread added: 0x0000025e7c000fc0
Event: 0.053 Thread 0x0000025e5f4ab550 Thread added: 0x0000025e7c001d50
Event: 0.053 Thread 0x0000025e5f4ab550 Thread added: 0x0000025e7c005660
Event: 0.053 Thread 0x0000025e5f4ab550 Thread added: 0x0000025e7c00c1a0
Event: 0.053 Thread 0x0000025e5f4ab550 Thread added: 0x0000025e7c018370
Event: 0.053 Thread 0x0000025e5f4ab550 Thread added: 0x0000025e7c01ae30
Event: 0.127 Thread 0x0000025e5f4ab550 Thread added: 0x0000025e7c21e650
Event: 0.250 Thread 0x0000025e7c01ae30 Thread added: 0x0000025e7c28cf70
Event: 0.356 Thread 0x0000025e5f4ab550 Thread added: 0x0000025e7c26c6a0
Event: 0.517 Thread 0x0000025e7c01ae30 Thread added: 0x0000025e7c442550
Event: 1.352 Thread 0x0000025e5f4ab550 Thread added: 0x0000025e7c929b70


Dynamic libraries:
0x00007ff733140000 - 0x00007ff73314e000 	c:\Users\bmanc\.vscode\extensions\redhat.java-1.53.0-win32-x64\jre\21.0.10-win32-x86_64\bin\java.exe
0x00007ffc89170000 - 0x00007ffc89384000 	C:\WINDOWS\SYSTEM32\ntdll.dll
0x00007ffc87460000 - 0x00007ffc87524000 	C:\WINDOWS\System32\KERNEL32.DLL
0x00007ffc86870000 - 0x00007ffc86c14000 	C:\WINDOWS\System32\KERNELBASE.dll
0x00007ffc86de0000 - 0x00007ffc86ef1000 	C:\WINDOWS\System32\ucrtbase.dll
0x00007ffc82ce0000 - 0x00007ffc82cf8000 	c:\Users\bmanc\.vscode\extensions\redhat.java-1.53.0-win32-x64\jre\21.0.10-win32-x86_64\bin\jli.dll
0x00007ffc81430000 - 0x00007ffc8144e000 	c:\Users\bmanc\.vscode\extensions\redhat.java-1.53.0-win32-x64\jre\21.0.10-win32-x86_64\bin\VCRUNTIME140.dll
0x00007ffc86f30000 - 0x00007ffc870de000 	C:\WINDOWS\System32\USER32.dll
0x00007ffc86660000 - 0x00007ffc86686000 	C:\WINDOWS\System32\win32u.dll
0x00007ffc86f00000 - 0x00007ffc86f29000 	C:\WINDOWS\System32\GDI32.dll
0x00007ffc86c20000 - 0x00007ffc86d38000 	C:\WINDOWS\System32\gdi32full.dll
0x00007ffc86d40000 - 0x00007ffc86dda000 	C:\WINDOWS\System32\msvcp_win.dll
0x00007ffc74670000 - 0x00007ffc74903000 	C:\WINDOWS\WinSxS\amd64_microsoft.windows.common-controls_6595b64144ccf1df_6.0.22621.2215_none_270d72677387dfc3\COMCTL32.dll
0x00007ffc88e60000 - 0x00007ffc88f07000 	C:\WINDOWS\System32\msvcrt.dll
0x00007ffc87e10000 - 0x00007ffc87e41000 	C:\WINDOWS\System32\IMM32.DLL
0x00007ffc83250000 - 0x00007ffc8325c000 	c:\Users\bmanc\.vscode\extensions\redhat.java-1.53.0-win32-x64\jre\21.0.10-win32-x86_64\bin\vcruntime140_1.dll
0x00007ffc527b0000 - 0x00007ffc5283d000 	c:\Users\bmanc\.vscode\extensions\redhat.java-1.53.0-win32-x64\jre\21.0.10-win32-x86_64\bin\msvcp140.dll
0x00007ffc286a0000 - 0x00007ffc29441000 	c:\Users\bmanc\.vscode\extensions\redhat.java-1.53.0-win32-x64\jre\21.0.10-win32-x86_64\bin\server\jvm.dll
0x00007ffc873b0000 - 0x00007ffc87460000 	C:\WINDOWS\System32\ADVAPI32.dll
0x00007ffc88ba0000 - 0x00007ffc88c46000 	C:\WINDOWS\System32\sechost.dll
0x00007ffc87cf0000 - 0x00007ffc87e07000 	C:\WINDOWS\System32\RPCRT4.dll
0x00007ffc88760000 - 0x00007ffc887d1000 	C:\WINDOWS\System32\WS2_32.dll
0x00007ffc853d0000 - 0x00007ffc8541d000 	C:\WINDOWS\SYSTEM32\POWRPROF.dll
0x00007ffc7e4e0000 - 0x00007ffc7e514000 	C:\WINDOWS\SYSTEM32\WINMM.dll
0x00007ffc7cb90000 - 0x00007ffc7cb9a000 	C:\WINDOWS\SYSTEM32\VERSION.dll
0x00007ffc853b0000 - 0x00007ffc853c3000 	C:\WINDOWS\SYSTEM32\UMPDC.dll
0x00007ffc85610000 - 0x00007ffc85628000 	C:\WINDOWS\SYSTEM32\kernel.appcore.dll
0x00007ffc7ef80000 - 0x00007ffc7ef8a000 	c:\Users\bmanc\.vscode\extensions\redhat.java-1.53.0-win32-x64\jre\21.0.10-win32-x86_64\bin\jimage.dll
0x00007ffc83fd0000 - 0x00007ffc841fe000 	C:\WINDOWS\SYSTEM32\DBGHELP.DLL
0x00007ffc887e0000 - 0x00007ffc88b6a000 	C:\WINDOWS\System32\combase.dll
0x00007ffc87ba0000 - 0x00007ffc87c77000 	C:\WINDOWS\System32\OLEAUT32.dll
0x00007ffc64470000 - 0x00007ffc644a2000 	C:\WINDOWS\SYSTEM32\dbgcore.DLL
0x00007ffc865e0000 - 0x00007ffc8665a000 	C:\WINDOWS\System32\bcryptPrimitives.dll
0x00007ffc7c9c0000 - 0x00007ffc7c9cf000 	c:\Users\bmanc\.vscode\extensions\redhat.java-1.53.0-win32-x64\jre\21.0.10-win32-x86_64\bin\instrument.dll
0x00007ffc7c9a0000 - 0x00007ffc7c9c0000 	c:\Users\bmanc\.vscode\extensions\redhat.java-1.53.0-win32-x64\jre\21.0.10-win32-x86_64\bin\java.dll
0x00007ffc87f30000 - 0x00007ffc88753000 	C:\WINDOWS\System32\SHELL32.dll
0x00007ffc844c0000 - 0x00007ffc84daa000 	C:\WINDOWS\SYSTEM32\windows.storage.dll
0x00007ffc84380000 - 0x00007ffc844be000 	C:\WINDOWS\SYSTEM32\wintypes.dll
0x00007ffc87160000 - 0x00007ffc87253000 	C:\WINDOWS\System32\SHCORE.dll
0x00007ffc890d0000 - 0x00007ffc8912e000 	C:\WINDOWS\System32\shlwapi.dll
0x00007ffc86450000 - 0x00007ffc86476000 	C:\WINDOWS\SYSTEM32\profapi.dll
0x00007ffc7c6e0000 - 0x00007ffc7c6f8000 	c:\Users\bmanc\.vscode\extensions\redhat.java-1.53.0-win32-x64\jre\21.0.10-win32-x86_64\bin\zip.dll
0x00007ffc77690000 - 0x00007ffc776a0000 	C:\Users\bmanc\.vscode\extensions\redhat.java-1.53.0-win32-x64\jre\21.0.10-win32-x86_64\bin\net.dll
0x00007ffc7f1c0000 - 0x00007ffc7f2f7000 	C:\WINDOWS\SYSTEM32\WINHTTP.dll
0x00007ffc85ae0000 - 0x00007ffc85b49000 	C:\WINDOWS\system32\mswsock.dll
0x00007ffc77640000 - 0x00007ffc77656000 	C:\Users\bmanc\.vscode\extensions\redhat.java-1.53.0-win32-x64\jre\21.0.10-win32-x86_64\bin\nio.dll
0x00007ffc77680000 - 0x00007ffc77690000 	c:\Users\bmanc\.vscode\extensions\redhat.java-1.53.0-win32-x64\jre\21.0.10-win32-x86_64\bin\verify.dll

JVMTI agents:
c:\Users\bmanc\.vscode\extensions\redhat.java-1.53.0-win32-x64\lombok\lombok-1.18.39-4050.jar path:c:\Users\bmanc\.vscode\extensions\redhat.java-1.53.0-win32-x64\jre\21.0.10-win32-x86_64\bin\instrument.dll, loaded, initialized, instrumentlib options:none

dbghelp: loaded successfully - version: 4.0.5 - missing functions: none
symbol engine: initialized successfully - sym options: 0x614 - pdb path: .;c:\Users\bmanc\.vscode\extensions\redhat.java-1.53.0-win32-x64\jre\21.0.10-win32-x86_64\bin;C:\WINDOWS\SYSTEM32;C:\WINDOWS\WinSxS\amd64_microsoft.windows.common-controls_6595b64144ccf1df_6.0.22621.2215_none_270d72677387dfc3;c:\Users\bmanc\.vscode\extensions\redhat.java-1.53.0-win32-x64\jre\21.0.10-win32-x86_64\bin\server

VM Arguments:
jvm_args: --add-modules=ALL-SYSTEM --add-opens=java.base/java.util=ALL-UNNAMED --add-opens=java.base/java.lang=ALL-UNNAMED --add-opens=java.base/sun.nio.fs=ALL-UNNAMED -Declipse.application=org.eclipse.jdt.ls.core.id1 -Dosgi.bundles.defaultStartLevel=4 -Declipse.product=org.eclipse.jdt.ls.core.product -Djava.import.generatesMetadataFilesAtProjectRoot=false -DDetectVMInstallationsJob.disabled=true -Dfile.encoding=utf8 -XX:+UseParallelGC -XX:GCTimeRatio=4 -XX:AdaptiveSizePolicyWeight=90 -Dsun.zip.disableMemoryMapping=true -Xmx2G -Xms100m -Xlog:disable -javaagent:c:\Users\bmanc\.vscode\extensions\redhat.java-1.53.0-win32-x64\lombok\lombok-1.18.39-4050.jar -XX:+HeapDumpOnOutOfMemoryError -XX:HeapDumpPath=c:\Users\bmanc\AppData\Roaming\Code\User\workspaceStorage\df1b5a3dda25a61ad57d8689e993da82\redhat.java -Daether.dependencyCollector.impl=bf 
java_command: c:\Users\bmanc\.vscode\extensions\redhat.java-1.53.0-win32-x64\server\plugins\org.eclipse.equinox.launcher_1.7.100.v20251111-0406.jar -configuration c:\Users\bmanc\AppData\Roaming\Code\User\globalStorage\redhat.java\1.53.0\config_win -data c:\Users\bmanc\AppData\Roaming\Code\User\workspaceStorage\df1b5a3dda25a61ad57d8689e993da82\redhat.java\jdt_ws --pipe=\\.\pipe\lsp-a4a66517db7b5331a37844f41503ba00-sock
java_class_path (initial): c:\Users\bmanc\.vscode\extensions\redhat.java-1.53.0-win32-x64\server\plugins\org.eclipse.equinox.launcher_1.7.100.v20251111-0406.jar
Launcher Type: SUN_STANDARD

[Global flags]
    uintx AdaptiveSizePolicyWeight                 = 90                                        {product} {command line}
     intx CICompilerCount                          = 4                                         {product} {ergonomic}
    uintx GCTimeRatio                              = 4                                         {product} {command line}
     bool HeapDumpOnOutOfMemoryError               = true                                   {manageable} {command line}
    ccstr HeapDumpPath                             = c:\Users\bmanc\AppData\Roaming\Code\User\workspaceStorage\df1b5a3dda25a61ad57d8689e993da82\redhat.java         {manageable} {command line}
   size_t InitialHeapSize                          = 104857600                                 {product} {command line}
   size_t MaxHeapSize                              = 2147483648                                {product} {command line}
   size_t MaxNewSize                               = 715653120                                 {product} {ergonomic}
   size_t MinHeapDeltaBytes                        = 524288                                    {product} {ergonomic}
   size_t MinHeapSize                              = 104857600                                 {product} {command line}
   size_t NewSize                                  = 34603008                                  {product} {ergonomic}
    uintx NonNMethodCodeHeapSize                   = 5839372                                {pd product} {ergonomic}
    uintx NonProfiledCodeHeapSize                  = 122909434                              {pd product} {ergonomic}
   size_t OldSize                                  = 70254592                                  {product} {ergonomic}
    uintx ProfiledCodeHeapSize                     = 122909434                              {pd product} {ergonomic}
    uintx ReservedCodeCacheSize                    = 251658240                              {pd product} {ergonomic}
     bool SegmentedCodeCache                       = true                                      {product} {ergonomic}
   size_t SoftMaxHeapSize                          = 2147483648                             {manageable} {ergonomic}
     bool UseCompressedOops                        = true                           {product lp64_product} {ergonomic}
     bool UseLargePagesIndividualAllocation        = false                                  {pd product} {ergonomic}
     bool UseParallelGC                            = true                                      {product} {command line}

Logging:
Log output configuration:
 #0: stdout all=off uptime,level,tags foldmultilines=false
 #1: stderr all=off uptime,level,tags foldmultilines=false

Release file:
JAVA_VERSION="21.0.10" 
MODULES="java.base java.compiler java.datatransfer java.xml java.prefs java.desktop java.instrument java.logging java.management java.security.sasl java.naming java.rmi java.management.rmi java.net.http java.scripting java.security.jgss java.transaction.xa java.sql java.sql.rowset java.xml.crypto java.se java.smartcardio jdk.accessibility jdk.internal.jvmstat jdk.attach jdk.charsets jdk.internal.opt jdk.zipfs jdk.compiler jdk.crypto.ec jdk.crypto.cryptoki jdk.crypto.mscapi jdk.dynalink jdk.internal.ed jdk.editpad jdk.hotspot.agent jdk.httpserver jdk.internal.le jdk.internal.vm.ci jdk.internal.vm.compiler jdk.internal.vm.compiler.management jdk.jartool jdk.javadoc jdk.jcmd jdk.management jdk.management.agent jdk.jconsole jdk.jdeps jdk.jdwp.agent jdk.jdi jdk.jfr jdk.jshell jdk.jsobject jdk.jstatd jdk.localedata jdk.management.jfr jdk.naming.dns jdk.naming.rmi jdk.net jdk.nio.mapmode jdk.random jdk.sctp jdk.security.auth jdk.security.jgss jdk.unsupported jdk.unsupported.desktop jdk.xml.dom" 

Environment Variables:
JAVA_HOME=C:\Program Files\Java\jdk-25
PATH=C:\Users\bmanc\AppData\Local\Programs\Microsoft VS Code;C:\Program Files\Common Files\Oracle\Java\javapath;C:\sqlite;C:\WINDOWS\system32;C:\WINDOWS\System32\Wbem;C:\WINDOWS;C:\WINDOWS\System32\WindowsPowerShell\v1.0\;C:\WINDOWS\System32\OpenSSH\;C:\WINDOWS\system32;C:\WINDOWS\System32\Wbem;C:\WINDOWS;C:\WINDOWS\System32\WindowsPowerShell\v1.0\;C:\WINDOWS\System32\OpenSSH\;C:\Program Files (x86)\NVIDIA Corporation\PhysX\Common;C:\Program Files\dotnet\;C:\Program Files\NVIDIA Corporation\NVIDIA app\NvDLISR;C:\ProgramData\chocolatey\bin;C:\Program Files\Amazon\AWSCLIV2\;C:\Users\bmanc\AppData\Local\Android\Sdk\platform-tools;C:\Program Files\Java\jdk-25\bin;C:\Users\bmanc\AppData\Local\Android\Sdk\platform-tools;D:\;C:\Program Files\Git\cmd;C:\apache-maven\bin;C:\Program Files\Microsoft SQL Server\Client SDK\ODBC\170\Tools\Binn\;C:\Program Files\Microsoft SQL Server\150\Tools\Binn\;C:\Program Files (x86)\Microsoft SQL Server\160\Tools\Binn\;C:\Program Files\Microsoft SQL Server\160\Tools\Binn\;C:\Program Files\Microsoft SQL Server\160\DTS\Binn\;C:\Users\bmanc\AppData\Local\Programs\Eclipse Adoptium\jdk-21.0.8.9-hotspot\bin;C:\Users\bmanc\AppData\Local\Programs\Python\Launcher\;C:\Users\bmanc\AppData\Local\Programs\Eclipse Adoptium\jre-8.0.442.6-hotspot\bin;C:\Users\bmanc\AppData\Local\Microsoft\WindowsApps;;C:\Users\bmanc\AppData\Local\Programs\Microsoft VS Code\bin;C:\Users\bmanc\.dotnet\tools;C:\Users\bmanc\.aftman\bin;C:\Users\bmanc\.rokit\bin;C:\Users\bmanc\AppData\Roaming\npm
USERNAME=bmanc
OS=Windows_NT
PROCESSOR_IDENTIFIER=AMD64 Family 23 Model 96 Stepping 1, AuthenticAMD
TMP=C:\Users\bmanc\AppData\Local\Temp
TEMP=C:\Users\bmanc\AppData\Local\Temp




Periodic native trim disabled

---------------  S Y S T E M  ---------------

OS:
 Windows 11 , 64 bit Build 22621 (10.0.22621.2215)
OS uptime: 0 days 18:12 hours

CPU: total 12 (initial active 12) (12 cores per cpu, 2 threads per core) family 23 model 96 stepping 1 microcode 0x0, cx8, cmov, fxsr, ht, mmx, 3dnowpref, sse, sse2, sse3, ssse3, sse4a, sse4.1, sse4.2, popcnt, lzcnt, tsc, tscinvbit, avx, avx2, aes, clmul, bmi1, bmi2, adx, sha, fma, vzeroupper, clflush, clflushopt, rdtscp, rdpid, f16c
Processor Information for the first 12 processors :
  Max Mhz: 3000, Current Mhz: 3000, Mhz Limit: 3000

Memory: 4k page, system-wide physical 15741M (4404M free)
TotalPageFile size 46106M (AvailPageFile size 5M)
current process WorkingSet (physical memory assigned to process): 92M, peak: 92M
current process commit charge ("private bytes"): 251M, peak: 251M

vm_info: OpenJDK 64-Bit Server VM (21.0.10+7-LTS) for windows-amd64 JRE (21.0.10+7-LTS), built on 2026-01-20T00:00:00Z by "admin" with MS VC++ 17.12 (VS2022)

END.
